--------------- Clean Started: 07/08/2026 01:54:23 Project: HIDJoystick, Configuration: ARM GCC 5.4-2016-q2-update Debug ---------------
Deleting file ".\CortexM3\ARM_GCC_541\Debug\main.o"
Deleting file ".\CortexM3\ARM_GCC_541\Debug\cyfitter_cfg.o"
Deleting file ".\CortexM3\ARM_GCC_541\Debug\cymetadata.o"
Deleting file ".\CortexM3\ARM_GCC_541\Debug\USBFS_1.o"
Deleting file ".\CortexM3\ARM_GCC_541\Debug\USBFS_1_audio.o"
Deleting file ".\CortexM3\ARM_GCC_541\Debug\USBFS_1_boot.o"
Deleting file ".\CortexM3\ARM_GCC_541\Debug\USBFS_1_cdc.o"
Deleting file ".\CortexM3\ARM_GCC_541\Debug\USBFS_1_cls.o"
Deleting file ".\CortexM3\ARM_GCC_541\Debug\USBFS_1_descr.o"
Deleting file ".\CortexM3\ARM_GCC_541\Debug\USBFS_1_drv.o"
Deleting file ".\CortexM3\ARM_GCC_541\Debug\USBFS_1_episr.o"
Deleting file ".\CortexM3\ARM_GCC_541\Debug\USBFS_1_hid.o"
Deleting file ".\CortexM3\ARM_GCC_541\Debug\USBFS_1_pm.o"
Deleting file ".\CortexM3\ARM_GCC_541\Debug\USBFS_1_std.o"
Deleting file ".\CortexM3\ARM_GCC_541\Debug\USBFS_1_vnd.o"
Deleting file ".\CortexM3\ARM_GCC_541\Debug\USBFS_1_midi.o"
Deleting file ".\CortexM3\ARM_GCC_541\Debug\USBFS_1_msc.o"
Deleting file ".\CortexM3\ARM_GCC_541\Debug\USBFS_1_Dm.o"
Deleting file ".\CortexM3\ARM_GCC_541\Debug\USBFS_1_Dp.o"
Deleting file ".\CortexM3\ARM_GCC_541\Debug\Cm3Start.o"
Deleting file ".\CortexM3\ARM_GCC_541\Debug\CyBootAsmGnu.o"
Deleting file ".\CortexM3\ARM_GCC_541\Debug\CyDmac.o"
Deleting file ".\CortexM3\ARM_GCC_541\Debug\CyFlash.o"
Deleting file ".\CortexM3\ARM_GCC_541\Debug\CyLib.o"
Deleting file ".\CortexM3\ARM_GCC_541\Debug\cyPm.o"
Deleting file ".\CortexM3\ARM_GCC_541\Debug\CySpc.o"
Deleting file ".\CortexM3\ARM_GCC_541\Debug\cyutils.o"
Deleting file ".\CortexM3\ARM_GCC_541\Debug\cy_em_eeprom.o"
Deleting file ".\CortexM3\ARM_GCC_541\Debug\BTN_5.o"
Deleting file ".\CortexM3\ARM_GCC_541\Debug\BTN_4.o"
Deleting file ".\CortexM3\ARM_GCC_541\Debug\BTN_3.o"
Deleting file ".\CortexM3\ARM_GCC_541\Debug\BTN_2.o"
Deleting file ".\CortexM3\ARM_GCC_541\Debug\BTN_1.o"
Deleting file ".\CortexM3\ARM_GCC_541\Debug\SW_D.o"
Deleting file ".\CortexM3\ARM_GCC_541\Debug\SW_C.o"
Deleting file ".\CortexM3\ARM_GCC_541\Debug\SW_B.o"
Deleting file ".\CortexM3\ARM_GCC_541\Debug\SW_A.o"
Deleting file ".\CortexM3\ARM_GCC_541\Debug\BTN_6.o"
Deleting file ".\CortexM3\ARM_GCC_541\Debug\HIDJoystick.hex"
Deleting file ".\CortexM3\ARM_GCC_541\Debug\HIDJoystick.elf"
Deleting file ".\CortexM3\ARM_GCC_541\Debug\HIDJoystick.map"
Deleting file ".\HIDJoystick.cycdx"
Deleting file ".\HIDJoystick.svd"
Deleting file ".\HIDJoystick.rpt"
Deleting file ".\HIDJoystick_timing.html"
Deleting file ".\CortexM3\ARM_GCC_541\Debug\.deps\SOURCE_C__ARM_GCC_GENERIC.P"
Deleting file ".\CortexM3\ARM_GCC_541\Debug\.deps\SOURCE_ASM__ARM_GCC_GENERIC.P"
--------------- Clean Succeeded: 07/08/2026 01:54:23 ---------------
