ARM GAS  C:\Users\funti\AppData\Local\Temp\ccQtuinI.s 			page 1


   1              		.syntax unified
   2              		.cpu cortex-m3
   3              		.fpu softvfp
   4              		.eabi_attribute 20, 1
   5              		.eabi_attribute 21, 1
   6              		.eabi_attribute 23, 3
   7              		.eabi_attribute 24, 1
   8              		.eabi_attribute 25, 1
   9              		.eabi_attribute 26, 1
  10              		.eabi_attribute 30, 1
  11              		.eabi_attribute 34, 1
  12              		.eabi_attribute 18, 4
  13              		.thumb
  14              		.syntax unified
  15              		.file	"main.c"
  16              		.text
  17              	.Ltext0:
  18              		.cfi_sections	.debug_frame
  19              		.section	.text.StartUp,"ax",%progbits
  20              		.align	2
  21              		.global	StartUp
  22              		.thumb
  23              		.thumb_func
  24              		.type	StartUp, %function
  25              	StartUp:
  26              	.LFB64:
  27              		.file 1 "main.c"
   1:main.c        **** /* ========================================
   2:main.c        ****  *
   3:main.c        ****  * Copyright YOUR COMPANY, THE YEAR
   4:main.c        ****  * All Rights Reserved
   5:main.c        ****  * UNPUBLISHED, LICENSED SOFTWARE.
   6:main.c        ****  *
   7:main.c        ****  * CONFIDENTIAL AND PROPRIETARY INFORMATION
   8:main.c        ****  * WHICH IS THE PROPERTY OF your company.
   9:main.c        ****  *
  10:main.c        ****  * ========================================
  11:main.c        **** */
  12:main.c        **** #include <project.h>
  13:main.c        **** void StartUp (void);
  14:main.c        **** void ReadButtons (void);
  15:main.c        **** void setBit(uint8, uint8);
  16:main.c        **** static int8 Joystick_Data[2] = {0, 0};
  17:main.c        **** static unsigned char Buttons1;
  18:main.c        **** static unsigned char Buttons2;
  19:main.c        **** static unsigned char Buttons3;
  20:main.c        **** 
  21:main.c        **** 
  22:main.c        **** int main(void)
  23:main.c        **** {
  24:main.c        ****     CyGlobalIntEnable; /* Enable global interrupts. */
  25:main.c        **** 
  26:main.c        ****     /* Place your initialization/startup code here (e.g. MyInst_Start()) */
  27:main.c        **** 
  28:main.c        ****     StartUp();
  29:main.c        ****  for(;;)
  30:main.c        ****  {
ARM GAS  C:\Users\funti\AppData\Local\Temp\ccQtuinI.s 			page 2


  31:main.c        ****  /* Waits for ACK from the host */
  32:main.c        ****  while(!USBFS_1_bGetEPAckState(1));
  33:main.c        ****  ReadButtons();
  34:main.c        ****  /* Delay added to periodically send data */
  35:main.c        ****  CyDelay(10);
  36:main.c        ****  Joystick_Data[0] = Buttons1;
  37:main.c        ****  Joystick_Data[1] = Buttons2;
  38:main.c        ****  /* Loads EP1 for a IN transfer to PC */
  39:main.c        ****  USBFS_1_LoadInEP(1, (uint8 *)Joystick_Data, 2);
  40:main.c        ****  }
  41:main.c        **** }
  42:main.c        **** void StartUp (void)
  43:main.c        **** {
  28              		.loc 1 43 0
  29              		.cfi_startproc
  30              		@ args = 0, pretend = 0, frame = 0
  31              		@ frame_needed = 0, uses_anonymous_args = 0
  32 0000 08B5     		push	{r3, lr}
  33              		.cfi_def_cfa_offset 8
  34              		.cfi_offset 3, -8
  35              		.cfi_offset 14, -4
  44:main.c        ****  CYGlobalIntEnable;
  36              		.loc 1 44 0
  37              		.syntax unified
  38              	@ 44 "main.c" 1
  39 0002 62B6     		CPSIE   i
  40              	@ 0 "" 2
  45:main.c        ****  /* Activates and configs the USB component */
  46:main.c        ****  USBFS_1_Start(0, USBFS_1_5V_OPERATION);
  41              		.loc 1 46 0
  42              		.thumb
  43              		.syntax unified
  44 0004 0121     		movs	r1, #1
  45 0006 0020     		movs	r0, #0
  46 0008 FFF7FEFF 		bl	USBFS_1_Start
  47              	.LVL0:
  48              	.L2:
  47:main.c        ****  /* Waits for configuration data from host */
  48:main.c        ****  while(!USBFS_1_bGetConfiguration());
  49              		.loc 1 48 0 discriminator 1
  50 000c FFF7FEFF 		bl	USBFS_1_GetConfiguration
  51              	.LVL1:
  52 0010 0028     		cmp	r0, #0
  53 0012 FBD0     		beq	.L2
  49:main.c        ****  /* Begins initial communication with PC */
  50:main.c        ****  USBFS_1_LoadInEP(1, (uint8 *)Joystick_Data, 2);
  54              		.loc 1 50 0
  55 0014 0222     		movs	r2, #2
  56 0016 0249     		ldr	r1, .L4
  57 0018 0120     		movs	r0, #1
  58 001a FFF7FEFF 		bl	USBFS_1_LoadInEP
  59              	.LVL2:
  60 001e 08BD     		pop	{r3, pc}
  61              	.L5:
  62              		.align	2
  63              	.L4:
  64 0020 00000000 		.word	.LANCHOR0
ARM GAS  C:\Users\funti\AppData\Local\Temp\ccQtuinI.s 			page 3


  65              		.cfi_endproc
  66              	.LFE64:
  67              		.size	StartUp, .-StartUp
  68              		.section	.text.setBit,"ax",%progbits
  69              		.align	2
  70              		.global	setBit
  71              		.thumb
  72              		.thumb_func
  73              		.type	setBit, %function
  74              	setBit:
  75              	.LFB66:
  51:main.c        **** }
  52:main.c        **** void ReadButtons (void)
  53:main.c        **** {
  54:main.c        ****     /* Active low — switch/button closes pin to GND; pull-up reads 0 when pressed, inverted to 1 
  55:main.c        ****     setBit(0, !SW_A_Read());
  56:main.c        ****     setBit(1, !SW_B_Read());
  57:main.c        ****     setBit(2, !SW_C_Read());
  58:main.c        ****     setBit(3, !SW_D_Read());
  59:main.c        ****     setBit(4, !BTN_1_Read());
  60:main.c        ****     setBit(5, !BTN_2_Read());
  61:main.c        ****     setBit(6, !BTN_3_Read());
  62:main.c        ****     setBit(7, !BTN_4_Read());
  63:main.c        ****     setBit(8, !BTN_5_Read());
  64:main.c        ****     setBit(9, !BTN_6_Read());
  65:main.c        **** }
  66:main.c        **** 
  67:main.c        **** void setBit(uint8 bitNum, uint8 pinRead) {
  76              		.loc 1 67 0
  77              		.cfi_startproc
  78              		@ args = 0, pretend = 0, frame = 0
  79              		@ frame_needed = 0, uses_anonymous_args = 0
  80              		@ link register save eliminated.
  81              	.LVL3:
  68:main.c        ****     if (bitNum < 8) {
  82              		.loc 1 68 0
  83 0000 0728     		cmp	r0, #7
  84 0002 11D8     		bhi	.L7
  69:main.c        ****         
  70:main.c        ****         if (pinRead != 0) {
  85              		.loc 1 70 0
  86 0004 39B1     		cbz	r1, .L8
  71:main.c        ****             Buttons1 |= (0x01 << bitNum);
  87              		.loc 1 71 0
  88 0006 0123     		movs	r3, #1
  89 0008 03FA00F0 		lsl	r0, r3, r0
  90              	.LVL4:
  91 000c 1B4B     		ldr	r3, .L13
  92 000e 9A78     		ldrb	r2, [r3, #2]	@ zero_extendqisi2
  93 0010 1043     		orrs	r0, r0, r2
  94 0012 9870     		strb	r0, [r3, #2]
  95 0014 7047     		bx	lr
  96              	.LVL5:
  97              	.L8:
  72:main.c        ****         }
  73:main.c        ****         else {
  74:main.c        ****             Buttons1 &= ~(0x01 << bitNum);
ARM GAS  C:\Users\funti\AppData\Local\Temp\ccQtuinI.s 			page 4


  98              		.loc 1 74 0
  99 0016 0123     		movs	r3, #1
 100 0018 03FA00F0 		lsl	r0, r3, r0
 101              	.LVL6:
 102 001c 174A     		ldr	r2, .L13
 103 001e 9378     		ldrb	r3, [r2, #2]	@ zero_extendqisi2
 104 0020 23EA0000 		bic	r0, r3, r0
 105 0024 9070     		strb	r0, [r2, #2]
 106 0026 7047     		bx	lr
 107              	.LVL7:
 108              	.L7:
  75:main.c        ****         }
  76:main.c        ****     }
  77:main.c        ****     else if (bitNum < 16) {
 109              		.loc 1 77 0
 110 0028 0F28     		cmp	r0, #15
 111 002a 13D8     		bhi	.L10
  78:main.c        ****         bitNum -= 8;
 112              		.loc 1 78 0
 113 002c 0838     		subs	r0, r0, #8
 114              	.LVL8:
 115 002e C0B2     		uxtb	r0, r0
 116              	.LVL9:
  79:main.c        ****         if (pinRead != 0) {
 117              		.loc 1 79 0
 118 0030 39B1     		cbz	r1, .L11
  80:main.c        ****             Buttons2 |= (0x01 << bitNum);
 119              		.loc 1 80 0
 120 0032 0123     		movs	r3, #1
 121 0034 03FA00F0 		lsl	r0, r3, r0
 122              	.LVL10:
 123 0038 104B     		ldr	r3, .L13
 124 003a DA78     		ldrb	r2, [r3, #3]	@ zero_extendqisi2
 125 003c 1043     		orrs	r0, r0, r2
 126 003e D870     		strb	r0, [r3, #3]
 127 0040 7047     		bx	lr
 128              	.LVL11:
 129              	.L11:
  81:main.c        ****         }
  82:main.c        ****         else {
  83:main.c        ****             Buttons2 &= ~(0x01 << bitNum);
 130              		.loc 1 83 0
 131 0042 0123     		movs	r3, #1
 132 0044 03FA00F0 		lsl	r0, r3, r0
 133              	.LVL12:
 134 0048 0C4A     		ldr	r2, .L13
 135 004a D378     		ldrb	r3, [r2, #3]	@ zero_extendqisi2
 136 004c 23EA0000 		bic	r0, r3, r0
 137 0050 D070     		strb	r0, [r2, #3]
 138 0052 7047     		bx	lr
 139              	.LVL13:
 140              	.L10:
  84:main.c        ****         }
  85:main.c        ****     }
  86:main.c        ****     else {
  87:main.c        ****         bitNum -= 16;
 141              		.loc 1 87 0
ARM GAS  C:\Users\funti\AppData\Local\Temp\ccQtuinI.s 			page 5


 142 0054 1038     		subs	r0, r0, #16
 143              	.LVL14:
 144 0056 C0B2     		uxtb	r0, r0
 145              	.LVL15:
  88:main.c        ****         if (pinRead != 0) {
 146              		.loc 1 88 0
 147 0058 39B1     		cbz	r1, .L12
  89:main.c        ****             Buttons3 |= (0x01 << bitNum);
 148              		.loc 1 89 0
 149 005a 0123     		movs	r3, #1
 150 005c 03FA00F0 		lsl	r0, r3, r0
 151              	.LVL16:
 152 0060 064B     		ldr	r3, .L13
 153 0062 1A79     		ldrb	r2, [r3, #4]	@ zero_extendqisi2
 154 0064 1043     		orrs	r0, r0, r2
 155 0066 1871     		strb	r0, [r3, #4]
 156 0068 7047     		bx	lr
 157              	.LVL17:
 158              	.L12:
  90:main.c        ****         }
  91:main.c        ****         else {
  92:main.c        ****             Buttons3 &= ~(0x01 << bitNum);
 159              		.loc 1 92 0
 160 006a 0123     		movs	r3, #1
 161 006c 03FA00F0 		lsl	r0, r3, r0
 162              	.LVL18:
 163 0070 024A     		ldr	r2, .L13
 164 0072 1379     		ldrb	r3, [r2, #4]	@ zero_extendqisi2
 165 0074 23EA0000 		bic	r0, r3, r0
 166 0078 1071     		strb	r0, [r2, #4]
 167 007a 7047     		bx	lr
 168              	.L14:
 169              		.align	2
 170              	.L13:
 171 007c 00000000 		.word	.LANCHOR0
 172              		.cfi_endproc
 173              	.LFE66:
 174              		.size	setBit, .-setBit
 175              		.section	.text.ReadButtons,"ax",%progbits
 176              		.align	2
 177              		.global	ReadButtons
 178              		.thumb
 179              		.thumb_func
 180              		.type	ReadButtons, %function
 181              	ReadButtons:
 182              	.LFB65:
  53:main.c        ****     /* Active low — switch/button closes pin to GND; pull-up reads 0 when pressed, inverted to 1 
 183              		.loc 1 53 0
 184              		.cfi_startproc
 185              		@ args = 0, pretend = 0, frame = 0
 186              		@ frame_needed = 0, uses_anonymous_args = 0
 187 0000 08B5     		push	{r3, lr}
 188              		.cfi_def_cfa_offset 8
 189              		.cfi_offset 3, -8
 190              		.cfi_offset 14, -4
  55:main.c        ****     setBit(1, !SW_B_Read());
 191              		.loc 1 55 0
ARM GAS  C:\Users\funti\AppData\Local\Temp\ccQtuinI.s 			page 6


 192 0002 FFF7FEFF 		bl	SW_A_Read
 193              	.LVL19:
 194 0006 B0FA80F1 		clz	r1, r0
 195 000a 4909     		lsrs	r1, r1, #5
 196 000c 0020     		movs	r0, #0
 197 000e FFF7FEFF 		bl	setBit
 198              	.LVL20:
  56:main.c        ****     setBit(2, !SW_C_Read());
 199              		.loc 1 56 0
 200 0012 FFF7FEFF 		bl	SW_B_Read
 201              	.LVL21:
 202 0016 B0FA80F1 		clz	r1, r0
 203 001a 4909     		lsrs	r1, r1, #5
 204 001c 0120     		movs	r0, #1
 205 001e FFF7FEFF 		bl	setBit
 206              	.LVL22:
  57:main.c        ****     setBit(3, !SW_D_Read());
 207              		.loc 1 57 0
 208 0022 FFF7FEFF 		bl	SW_C_Read
 209              	.LVL23:
 210 0026 B0FA80F1 		clz	r1, r0
 211 002a 4909     		lsrs	r1, r1, #5
 212 002c 0220     		movs	r0, #2
 213 002e FFF7FEFF 		bl	setBit
 214              	.LVL24:
  58:main.c        ****     setBit(4, !BTN_1_Read());
 215              		.loc 1 58 0
 216 0032 FFF7FEFF 		bl	SW_D_Read
 217              	.LVL25:
 218 0036 B0FA80F1 		clz	r1, r0
 219 003a 4909     		lsrs	r1, r1, #5
 220 003c 0320     		movs	r0, #3
 221 003e FFF7FEFF 		bl	setBit
 222              	.LVL26:
  59:main.c        ****     setBit(5, !BTN_2_Read());
 223              		.loc 1 59 0
 224 0042 FFF7FEFF 		bl	BTN_1_Read
 225              	.LVL27:
 226 0046 B0FA80F1 		clz	r1, r0
 227 004a 4909     		lsrs	r1, r1, #5
 228 004c 0420     		movs	r0, #4
 229 004e FFF7FEFF 		bl	setBit
 230              	.LVL28:
  60:main.c        ****     setBit(6, !BTN_3_Read());
 231              		.loc 1 60 0
 232 0052 FFF7FEFF 		bl	BTN_2_Read
 233              	.LVL29:
 234 0056 B0FA80F1 		clz	r1, r0
 235 005a 4909     		lsrs	r1, r1, #5
 236 005c 0520     		movs	r0, #5
 237 005e FFF7FEFF 		bl	setBit
 238              	.LVL30:
  61:main.c        ****     setBit(7, !BTN_4_Read());
 239              		.loc 1 61 0
 240 0062 FFF7FEFF 		bl	BTN_3_Read
 241              	.LVL31:
 242 0066 B0FA80F1 		clz	r1, r0
ARM GAS  C:\Users\funti\AppData\Local\Temp\ccQtuinI.s 			page 7


 243 006a 4909     		lsrs	r1, r1, #5
 244 006c 0620     		movs	r0, #6
 245 006e FFF7FEFF 		bl	setBit
 246              	.LVL32:
  62:main.c        ****     setBit(8, !BTN_5_Read());
 247              		.loc 1 62 0
 248 0072 FFF7FEFF 		bl	BTN_4_Read
 249              	.LVL33:
 250 0076 B0FA80F1 		clz	r1, r0
 251 007a 4909     		lsrs	r1, r1, #5
 252 007c 0720     		movs	r0, #7
 253 007e FFF7FEFF 		bl	setBit
 254              	.LVL34:
  63:main.c        ****     setBit(9, !BTN_6_Read());
 255              		.loc 1 63 0
 256 0082 FFF7FEFF 		bl	BTN_5_Read
 257              	.LVL35:
 258 0086 B0FA80F1 		clz	r1, r0
 259 008a 4909     		lsrs	r1, r1, #5
 260 008c 0820     		movs	r0, #8
 261 008e FFF7FEFF 		bl	setBit
 262              	.LVL36:
  64:main.c        **** }
 263              		.loc 1 64 0
 264 0092 FFF7FEFF 		bl	BTN_6_Read
 265              	.LVL37:
 266 0096 B0FA80F1 		clz	r1, r0
 267 009a 4909     		lsrs	r1, r1, #5
 268 009c 0920     		movs	r0, #9
 269 009e FFF7FEFF 		bl	setBit
 270              	.LVL38:
 271 00a2 08BD     		pop	{r3, pc}
 272              		.cfi_endproc
 273              	.LFE65:
 274              		.size	ReadButtons, .-ReadButtons
 275              		.section	.text.main,"ax",%progbits
 276              		.align	2
 277              		.global	main
 278              		.thumb
 279              		.thumb_func
 280              		.type	main, %function
 281              	main:
 282              	.LFB63:
  23:main.c        ****     CyGlobalIntEnable; /* Enable global interrupts. */
 283              		.loc 1 23 0
 284              		.cfi_startproc
 285              		@ Volatile: function does not return.
 286              		@ args = 0, pretend = 0, frame = 0
 287              		@ frame_needed = 0, uses_anonymous_args = 0
 288 0000 08B5     		push	{r3, lr}
 289              		.cfi_def_cfa_offset 8
 290              		.cfi_offset 3, -8
 291              		.cfi_offset 14, -4
  24:main.c        **** 
 292              		.loc 1 24 0
 293              		.syntax unified
 294              	@ 24 "main.c" 1
ARM GAS  C:\Users\funti\AppData\Local\Temp\ccQtuinI.s 			page 8


 295 0002 62B6     		CPSIE   i
 296              	@ 0 "" 2
  28:main.c        ****  for(;;)
 297              		.loc 1 28 0
 298              		.thumb
 299              		.syntax unified
 300 0004 FFF7FEFF 		bl	StartUp
 301              	.LVL39:
 302              	.L18:
  32:main.c        ****  ReadButtons();
 303              		.loc 1 32 0 discriminator 1
 304 0008 0120     		movs	r0, #1
 305 000a FFF7FEFF 		bl	USBFS_1_GetEPAckState
 306              	.LVL40:
 307 000e 0028     		cmp	r0, #0
 308 0010 FAD0     		beq	.L18
  33:main.c        ****  /* Delay added to periodically send data */
 309              		.loc 1 33 0
 310 0012 FFF7FEFF 		bl	ReadButtons
 311              	.LVL41:
  35:main.c        ****  Joystick_Data[0] = Buttons1;
 312              		.loc 1 35 0
 313 0016 0A20     		movs	r0, #10
 314 0018 FFF7FEFF 		bl	CyDelay
 315              	.LVL42:
  36:main.c        ****  Joystick_Data[1] = Buttons2;
 316              		.loc 1 36 0
 317 001c 0449     		ldr	r1, .L21
 318 001e 8B78     		ldrb	r3, [r1, #2]	@ zero_extendqisi2
 319 0020 0B70     		strb	r3, [r1]
  37:main.c        ****  /* Loads EP1 for a IN transfer to PC */
 320              		.loc 1 37 0
 321 0022 CB78     		ldrb	r3, [r1, #3]	@ zero_extendqisi2
 322 0024 4B70     		strb	r3, [r1, #1]
  39:main.c        ****  }
 323              		.loc 1 39 0
 324 0026 0222     		movs	r2, #2
 325 0028 0120     		movs	r0, #1
 326 002a FFF7FEFF 		bl	USBFS_1_LoadInEP
 327              	.LVL43:
  40:main.c        **** }
 328              		.loc 1 40 0
 329 002e EBE7     		b	.L18
 330              	.L22:
 331              		.align	2
 332              	.L21:
 333 0030 00000000 		.word	.LANCHOR0
 334              		.cfi_endproc
 335              	.LFE63:
 336              		.size	main, .-main
 337              		.bss
 338              		.align	2
 339              		.set	.LANCHOR0,. + 0
 340              		.type	Joystick_Data, %object
 341              		.size	Joystick_Data, 2
 342              	Joystick_Data:
 343 0000 0000     		.space	2
ARM GAS  C:\Users\funti\AppData\Local\Temp\ccQtuinI.s 			page 9


 344              		.type	Buttons1, %object
 345              		.size	Buttons1, 1
 346              	Buttons1:
 347 0002 00       		.space	1
 348              		.type	Buttons2, %object
 349              		.size	Buttons2, 1
 350              	Buttons2:
 351 0003 00       		.space	1
 352              		.type	Buttons3, %object
 353              		.size	Buttons3, 1
 354              	Buttons3:
 355 0004 00       		.space	1
 356              		.text
 357              	.Letext0:
 358              		.file 2 "c:\\program files (x86)\\cypress\\psoc creator\\4.4\\psoc creator\\import\\gnu\\arm\\5.4.
 359              		.file 3 "c:\\program files (x86)\\cypress\\psoc creator\\4.4\\psoc creator\\import\\gnu\\arm\\5.4.
 360              		.file 4 "Generated_Source\\PSoC5/cytypes.h"
 361              		.file 5 "Generated_Source\\PSoC5/USBFS_1.h"
 362              		.file 6 "Generated_Source\\PSoC5/SW_A.h"
 363              		.file 7 "Generated_Source\\PSoC5/SW_B.h"
 364              		.file 8 "Generated_Source\\PSoC5/SW_C.h"
 365              		.file 9 "Generated_Source\\PSoC5/SW_D.h"
 366              		.file 10 "Generated_Source\\PSoC5/BTN_1.h"
 367              		.file 11 "Generated_Source\\PSoC5/BTN_2.h"
 368              		.file 12 "Generated_Source\\PSoC5/BTN_3.h"
 369              		.file 13 "Generated_Source\\PSoC5/BTN_4.h"
 370              		.file 14 "Generated_Source\\PSoC5/BTN_5.h"
 371              		.file 15 "Generated_Source\\PSoC5/BTN_6.h"
 372              		.file 16 "Generated_Source\\PSoC5/CyLib.h"
 373              		.file 17 "Generated_Source\\PSoC5/core_cm3.h"
 374              		.section	.debug_info,"",%progbits
 375              	.Ldebug_info0:
 376 0000 E6030000 		.4byte	0x3e6
 377 0004 0400     		.2byte	0x4
 378 0006 00000000 		.4byte	.Ldebug_abbrev0
 379 000a 04       		.byte	0x4
 380 000b 01       		.uleb128 0x1
 381 000c B5000000 		.4byte	.LASF42
 382 0010 0C       		.byte	0xc
 383 0011 47020000 		.4byte	.LASF43
 384 0015 3A000000 		.4byte	.LASF44
 385 0019 00000000 		.4byte	.Ldebug_ranges0+0
 386 001d 00000000 		.4byte	0
 387 0021 00000000 		.4byte	.Ldebug_line0
 388 0025 02       		.uleb128 0x2
 389 0026 01       		.byte	0x1
 390 0027 06       		.byte	0x6
 391 0028 9A020000 		.4byte	.LASF0
 392 002c 02       		.uleb128 0x2
 393 002d 01       		.byte	0x1
 394 002e 08       		.byte	0x8
 395 002f A7000000 		.4byte	.LASF1
 396 0033 02       		.uleb128 0x2
 397 0034 02       		.byte	0x2
 398 0035 05       		.byte	0x5
 399 0036 6A020000 		.4byte	.LASF2
 400 003a 02       		.uleb128 0x2
ARM GAS  C:\Users\funti\AppData\Local\Temp\ccQtuinI.s 			page 10


 401 003b 02       		.byte	0x2
 402 003c 07       		.byte	0x7
 403 003d 55010000 		.4byte	.LASF3
 404 0041 03       		.uleb128 0x3
 405 0042 25000000 		.4byte	.LASF9
 406 0046 02       		.byte	0x2
 407 0047 3F       		.byte	0x3f
 408 0048 4C000000 		.4byte	0x4c
 409 004c 02       		.uleb128 0x2
 410 004d 04       		.byte	0x4
 411 004e 05       		.byte	0x5
 412 004f 7A020000 		.4byte	.LASF4
 413 0053 02       		.uleb128 0x2
 414 0054 04       		.byte	0x4
 415 0055 07       		.byte	0x7
 416 0056 43010000 		.4byte	.LASF5
 417 005a 02       		.uleb128 0x2
 418 005b 08       		.byte	0x8
 419 005c 05       		.byte	0x5
 420 005d 39020000 		.4byte	.LASF6
 421 0061 02       		.uleb128 0x2
 422 0062 08       		.byte	0x8
 423 0063 07       		.byte	0x7
 424 0064 C1010000 		.4byte	.LASF7
 425 0068 04       		.uleb128 0x4
 426 0069 04       		.byte	0x4
 427 006a 05       		.byte	0x5
 428 006b 696E7400 		.ascii	"int\000"
 429 006f 02       		.uleb128 0x2
 430 0070 04       		.byte	0x4
 431 0071 07       		.byte	0x7
 432 0072 B4010000 		.4byte	.LASF8
 433 0076 03       		.uleb128 0x3
 434 0077 91000000 		.4byte	.LASF10
 435 007b 03       		.byte	0x3
 436 007c 2C       		.byte	0x2c
 437 007d 41000000 		.4byte	0x41
 438 0081 05       		.uleb128 0x5
 439 0082 74020000 		.4byte	.LASF11
 440 0086 04       		.byte	0x4
 441 0087 E901     		.2byte	0x1e9
 442 0089 2C000000 		.4byte	0x2c
 443 008d 05       		.uleb128 0x5
 444 008e 97010000 		.4byte	.LASF12
 445 0092 04       		.byte	0x4
 446 0093 EC01     		.2byte	0x1ec
 447 0095 25000000 		.4byte	0x25
 448 0099 02       		.uleb128 0x2
 449 009a 04       		.byte	0x4
 450 009b 04       		.byte	0x4
 451 009c 99000000 		.4byte	.LASF13
 452 00a0 02       		.uleb128 0x2
 453 00a1 08       		.byte	0x8
 454 00a2 04       		.byte	0x4
 455 00a3 8B010000 		.4byte	.LASF14
 456 00a7 02       		.uleb128 0x2
 457 00a8 01       		.byte	0x1
ARM GAS  C:\Users\funti\AppData\Local\Temp\ccQtuinI.s 			page 11


 458 00a9 08       		.byte	0x8
 459 00aa 4E020000 		.4byte	.LASF15
 460 00ae 02       		.uleb128 0x2
 461 00af 08       		.byte	0x8
 462 00b0 04       		.byte	0x4
 463 00b1 83020000 		.4byte	.LASF16
 464 00b5 02       		.uleb128 0x2
 465 00b6 04       		.byte	0x4
 466 00b7 07       		.byte	0x7
 467 00b8 1A020000 		.4byte	.LASF17
 468 00bc 06       		.uleb128 0x6
 469 00bd A6020000 		.4byte	.LASF18
 470 00c1 01       		.byte	0x1
 471 00c2 2A       		.byte	0x2a
 472 00c3 00000000 		.4byte	.LFB64
 473 00c7 24000000 		.4byte	.LFE64-.LFB64
 474 00cb 01       		.uleb128 0x1
 475 00cc 9C       		.byte	0x9c
 476 00cd 10010000 		.4byte	0x110
 477 00d1 07       		.uleb128 0x7
 478 00d2 0C000000 		.4byte	.LVL0
 479 00d6 40030000 		.4byte	0x340
 480 00da E9000000 		.4byte	0xe9
 481 00de 08       		.uleb128 0x8
 482 00df 01       		.uleb128 0x1
 483 00e0 50       		.byte	0x50
 484 00e1 01       		.uleb128 0x1
 485 00e2 30       		.byte	0x30
 486 00e3 08       		.uleb128 0x8
 487 00e4 01       		.uleb128 0x1
 488 00e5 51       		.byte	0x51
 489 00e6 01       		.uleb128 0x1
 490 00e7 31       		.byte	0x31
 491 00e8 00       		.byte	0
 492 00e9 09       		.uleb128 0x9
 493 00ea 10000000 		.4byte	.LVL1
 494 00ee 4C030000 		.4byte	0x34c
 495 00f2 0A       		.uleb128 0xa
 496 00f3 1E000000 		.4byte	.LVL2
 497 00f7 58030000 		.4byte	0x358
 498 00fb 08       		.uleb128 0x8
 499 00fc 01       		.uleb128 0x1
 500 00fd 50       		.byte	0x50
 501 00fe 01       		.uleb128 0x1
 502 00ff 31       		.byte	0x31
 503 0100 08       		.uleb128 0x8
 504 0101 01       		.uleb128 0x1
 505 0102 51       		.byte	0x51
 506 0103 05       		.uleb128 0x5
 507 0104 03       		.byte	0x3
 508 0105 00000000 		.4byte	.LANCHOR0
 509 0109 08       		.uleb128 0x8
 510 010a 01       		.uleb128 0x1
 511 010b 52       		.byte	0x52
 512 010c 01       		.uleb128 0x1
 513 010d 32       		.byte	0x32
 514 010e 00       		.byte	0
ARM GAS  C:\Users\funti\AppData\Local\Temp\ccQtuinI.s 			page 12


 515 010f 00       		.byte	0
 516 0110 06       		.uleb128 0x6
 517 0111 AE020000 		.4byte	.LASF19
 518 0115 01       		.byte	0x1
 519 0116 43       		.byte	0x43
 520 0117 00000000 		.4byte	.LFB66
 521 011b 80000000 		.4byte	.LFE66-.LFB66
 522 011f 01       		.uleb128 0x1
 523 0120 9C       		.byte	0x9c
 524 0121 42010000 		.4byte	0x142
 525 0125 0B       		.uleb128 0xb
 526 0126 B5020000 		.4byte	.LASF20
 527 012a 01       		.byte	0x1
 528 012b 43       		.byte	0x43
 529 012c 81000000 		.4byte	0x81
 530 0130 00000000 		.4byte	.LLST0
 531 0134 0C       		.uleb128 0xc
 532 0135 9F000000 		.4byte	.LASF21
 533 0139 01       		.byte	0x1
 534 013a 43       		.byte	0x43
 535 013b 81000000 		.4byte	0x81
 536 013f 01       		.uleb128 0x1
 537 0140 51       		.byte	0x51
 538 0141 00       		.byte	0
 539 0142 06       		.uleb128 0x6
 540 0143 5E020000 		.4byte	.LASF22
 541 0147 01       		.byte	0x1
 542 0148 34       		.byte	0x34
 543 0149 00000000 		.4byte	.LFB65
 544 014d A4000000 		.4byte	.LFE65-.LFB65
 545 0151 01       		.uleb128 0x1
 546 0152 9C       		.byte	0x9c
 547 0153 6C020000 		.4byte	0x26c
 548 0157 09       		.uleb128 0x9
 549 0158 06000000 		.4byte	.LVL19
 550 015c 64030000 		.4byte	0x364
 551 0160 07       		.uleb128 0x7
 552 0161 12000000 		.4byte	.LVL20
 553 0165 10010000 		.4byte	0x110
 554 0169 73010000 		.4byte	0x173
 555 016d 08       		.uleb128 0x8
 556 016e 01       		.uleb128 0x1
 557 016f 50       		.byte	0x50
 558 0170 01       		.uleb128 0x1
 559 0171 30       		.byte	0x30
 560 0172 00       		.byte	0
 561 0173 09       		.uleb128 0x9
 562 0174 16000000 		.4byte	.LVL21
 563 0178 6F030000 		.4byte	0x36f
 564 017c 07       		.uleb128 0x7
 565 017d 22000000 		.4byte	.LVL22
 566 0181 10010000 		.4byte	0x110
 567 0185 8F010000 		.4byte	0x18f
 568 0189 08       		.uleb128 0x8
 569 018a 01       		.uleb128 0x1
 570 018b 50       		.byte	0x50
 571 018c 01       		.uleb128 0x1
ARM GAS  C:\Users\funti\AppData\Local\Temp\ccQtuinI.s 			page 13


 572 018d 31       		.byte	0x31
 573 018e 00       		.byte	0
 574 018f 09       		.uleb128 0x9
 575 0190 26000000 		.4byte	.LVL23
 576 0194 7A030000 		.4byte	0x37a
 577 0198 07       		.uleb128 0x7
 578 0199 32000000 		.4byte	.LVL24
 579 019d 10010000 		.4byte	0x110
 580 01a1 AB010000 		.4byte	0x1ab
 581 01a5 08       		.uleb128 0x8
 582 01a6 01       		.uleb128 0x1
 583 01a7 50       		.byte	0x50
 584 01a8 01       		.uleb128 0x1
 585 01a9 32       		.byte	0x32
 586 01aa 00       		.byte	0
 587 01ab 09       		.uleb128 0x9
 588 01ac 36000000 		.4byte	.LVL25
 589 01b0 85030000 		.4byte	0x385
 590 01b4 07       		.uleb128 0x7
 591 01b5 42000000 		.4byte	.LVL26
 592 01b9 10010000 		.4byte	0x110
 593 01bd C7010000 		.4byte	0x1c7
 594 01c1 08       		.uleb128 0x8
 595 01c2 01       		.uleb128 0x1
 596 01c3 50       		.byte	0x50
 597 01c4 01       		.uleb128 0x1
 598 01c5 33       		.byte	0x33
 599 01c6 00       		.byte	0
 600 01c7 09       		.uleb128 0x9
 601 01c8 46000000 		.4byte	.LVL27
 602 01cc 90030000 		.4byte	0x390
 603 01d0 07       		.uleb128 0x7
 604 01d1 52000000 		.4byte	.LVL28
 605 01d5 10010000 		.4byte	0x110
 606 01d9 E3010000 		.4byte	0x1e3
 607 01dd 08       		.uleb128 0x8
 608 01de 01       		.uleb128 0x1
 609 01df 50       		.byte	0x50
 610 01e0 01       		.uleb128 0x1
 611 01e1 34       		.byte	0x34
 612 01e2 00       		.byte	0
 613 01e3 09       		.uleb128 0x9
 614 01e4 56000000 		.4byte	.LVL29
 615 01e8 9B030000 		.4byte	0x39b
 616 01ec 07       		.uleb128 0x7
 617 01ed 62000000 		.4byte	.LVL30
 618 01f1 10010000 		.4byte	0x110
 619 01f5 FF010000 		.4byte	0x1ff
 620 01f9 08       		.uleb128 0x8
 621 01fa 01       		.uleb128 0x1
 622 01fb 50       		.byte	0x50
 623 01fc 01       		.uleb128 0x1
 624 01fd 35       		.byte	0x35
 625 01fe 00       		.byte	0
 626 01ff 09       		.uleb128 0x9
 627 0200 66000000 		.4byte	.LVL31
 628 0204 A6030000 		.4byte	0x3a6
ARM GAS  C:\Users\funti\AppData\Local\Temp\ccQtuinI.s 			page 14


 629 0208 07       		.uleb128 0x7
 630 0209 72000000 		.4byte	.LVL32
 631 020d 10010000 		.4byte	0x110
 632 0211 1B020000 		.4byte	0x21b
 633 0215 08       		.uleb128 0x8
 634 0216 01       		.uleb128 0x1
 635 0217 50       		.byte	0x50
 636 0218 01       		.uleb128 0x1
 637 0219 36       		.byte	0x36
 638 021a 00       		.byte	0
 639 021b 09       		.uleb128 0x9
 640 021c 76000000 		.4byte	.LVL33
 641 0220 B1030000 		.4byte	0x3b1
 642 0224 07       		.uleb128 0x7
 643 0225 82000000 		.4byte	.LVL34
 644 0229 10010000 		.4byte	0x110
 645 022d 37020000 		.4byte	0x237
 646 0231 08       		.uleb128 0x8
 647 0232 01       		.uleb128 0x1
 648 0233 50       		.byte	0x50
 649 0234 01       		.uleb128 0x1
 650 0235 37       		.byte	0x37
 651 0236 00       		.byte	0
 652 0237 09       		.uleb128 0x9
 653 0238 86000000 		.4byte	.LVL35
 654 023c BC030000 		.4byte	0x3bc
 655 0240 07       		.uleb128 0x7
 656 0241 92000000 		.4byte	.LVL36
 657 0245 10010000 		.4byte	0x110
 658 0249 53020000 		.4byte	0x253
 659 024d 08       		.uleb128 0x8
 660 024e 01       		.uleb128 0x1
 661 024f 50       		.byte	0x50
 662 0250 01       		.uleb128 0x1
 663 0251 38       		.byte	0x38
 664 0252 00       		.byte	0
 665 0253 09       		.uleb128 0x9
 666 0254 96000000 		.4byte	.LVL37
 667 0258 C7030000 		.4byte	0x3c7
 668 025c 0A       		.uleb128 0xa
 669 025d A2000000 		.4byte	.LVL38
 670 0261 10010000 		.4byte	0x110
 671 0265 08       		.uleb128 0x8
 672 0266 01       		.uleb128 0x1
 673 0267 50       		.byte	0x50
 674 0268 01       		.uleb128 0x1
 675 0269 39       		.byte	0x39
 676 026a 00       		.byte	0
 677 026b 00       		.byte	0
 678 026c 0D       		.uleb128 0xd
 679 026d 92010000 		.4byte	.LASF45
 680 0271 01       		.byte	0x1
 681 0272 16       		.byte	0x16
 682 0273 68000000 		.4byte	0x68
 683 0277 00000000 		.4byte	.LFB63
 684 027b 34000000 		.4byte	.LFE63-.LFB63
 685 027f 01       		.uleb128 0x1
ARM GAS  C:\Users\funti\AppData\Local\Temp\ccQtuinI.s 			page 15


 686 0280 9C       		.byte	0x9c
 687 0281 DB020000 		.4byte	0x2db
 688 0285 09       		.uleb128 0x9
 689 0286 08000000 		.4byte	.LVL39
 690 028a BC000000 		.4byte	0xbc
 691 028e 07       		.uleb128 0x7
 692 028f 0E000000 		.4byte	.LVL40
 693 0293 D2030000 		.4byte	0x3d2
 694 0297 A1020000 		.4byte	0x2a1
 695 029b 08       		.uleb128 0x8
 696 029c 01       		.uleb128 0x1
 697 029d 50       		.byte	0x50
 698 029e 01       		.uleb128 0x1
 699 029f 31       		.byte	0x31
 700 02a0 00       		.byte	0
 701 02a1 09       		.uleb128 0x9
 702 02a2 16000000 		.4byte	.LVL41
 703 02a6 42010000 		.4byte	0x142
 704 02aa 07       		.uleb128 0x7
 705 02ab 1C000000 		.4byte	.LVL42
 706 02af DE030000 		.4byte	0x3de
 707 02b3 BD020000 		.4byte	0x2bd
 708 02b7 08       		.uleb128 0x8
 709 02b8 01       		.uleb128 0x1
 710 02b9 50       		.byte	0x50
 711 02ba 01       		.uleb128 0x1
 712 02bb 3A       		.byte	0x3a
 713 02bc 00       		.byte	0
 714 02bd 0A       		.uleb128 0xa
 715 02be 2E000000 		.4byte	.LVL43
 716 02c2 58030000 		.4byte	0x358
 717 02c6 08       		.uleb128 0x8
 718 02c7 01       		.uleb128 0x1
 719 02c8 50       		.byte	0x50
 720 02c9 01       		.uleb128 0x1
 721 02ca 31       		.byte	0x31
 722 02cb 08       		.uleb128 0x8
 723 02cc 01       		.uleb128 0x1
 724 02cd 51       		.byte	0x51
 725 02ce 05       		.uleb128 0x5
 726 02cf 03       		.byte	0x3
 727 02d0 00000000 		.4byte	.LANCHOR0
 728 02d4 08       		.uleb128 0x8
 729 02d5 01       		.uleb128 0x1
 730 02d6 52       		.byte	0x52
 731 02d7 01       		.uleb128 0x1
 732 02d8 32       		.byte	0x32
 733 02d9 00       		.byte	0
 734 02da 00       		.byte	0
 735 02db 0E       		.uleb128 0xe
 736 02dc 8D000000 		.4byte	0x8d
 737 02e0 EB020000 		.4byte	0x2eb
 738 02e4 0F       		.uleb128 0xf
 739 02e5 B5000000 		.4byte	0xb5
 740 02e9 01       		.byte	0x1
 741 02ea 00       		.byte	0
 742 02eb 10       		.uleb128 0x10
ARM GAS  C:\Users\funti\AppData\Local\Temp\ccQtuinI.s 			page 16


 743 02ec ED010000 		.4byte	.LASF23
 744 02f0 01       		.byte	0x1
 745 02f1 10       		.byte	0x10
 746 02f2 DB020000 		.4byte	0x2db
 747 02f6 05       		.uleb128 0x5
 748 02f7 03       		.byte	0x3
 749 02f8 00000000 		.4byte	Joystick_Data
 750 02fc 10       		.uleb128 0x10
 751 02fd 00000000 		.4byte	.LASF24
 752 0301 01       		.byte	0x1
 753 0302 11       		.byte	0x11
 754 0303 2C000000 		.4byte	0x2c
 755 0307 05       		.uleb128 0x5
 756 0308 03       		.byte	0x3
 757 0309 02000000 		.4byte	Buttons1
 758 030d 10       		.uleb128 0x10
 759 030e 09000000 		.4byte	.LASF25
 760 0312 01       		.byte	0x1
 761 0313 12       		.byte	0x12
 762 0314 2C000000 		.4byte	0x2c
 763 0318 05       		.uleb128 0x5
 764 0319 03       		.byte	0x3
 765 031a 03000000 		.4byte	Buttons2
 766 031e 10       		.uleb128 0x10
 767 031f 12000000 		.4byte	.LASF26
 768 0323 01       		.byte	0x1
 769 0324 13       		.byte	0x13
 770 0325 2C000000 		.4byte	0x2c
 771 0329 05       		.uleb128 0x5
 772 032a 03       		.byte	0x3
 773 032b 04000000 		.4byte	Buttons3
 774 032f 11       		.uleb128 0x11
 775 0330 9C010000 		.4byte	.LASF46
 776 0334 11       		.byte	0x11
 777 0335 1207     		.2byte	0x712
 778 0337 3B030000 		.4byte	0x33b
 779 033b 12       		.uleb128 0x12
 780 033c 76000000 		.4byte	0x76
 781 0340 13       		.uleb128 0x13
 782 0341 FB010000 		.4byte	.LASF27
 783 0345 FB010000 		.4byte	.LASF27
 784 0349 05       		.byte	0x5
 785 034a 2D01     		.2byte	0x12d
 786 034c 13       		.uleb128 0x13
 787 034d 72010000 		.4byte	.LASF28
 788 0351 72010000 		.4byte	.LASF28
 789 0355 05       		.byte	0x5
 790 0356 3001     		.2byte	0x130
 791 0358 13       		.uleb128 0x13
 792 0359 09020000 		.4byte	.LASF29
 793 035d 09020000 		.4byte	.LASF29
 794 0361 05       		.byte	0x5
 795 0362 3501     		.2byte	0x135
 796 0364 14       		.uleb128 0x14
 797 0365 1B000000 		.4byte	.LASF30
 798 0369 1B000000 		.4byte	.LASF30
 799 036d 06       		.byte	0x6
ARM GAS  C:\Users\funti\AppData\Local\Temp\ccQtuinI.s 			page 17


 800 036e 29       		.byte	0x29
 801 036f 14       		.uleb128 0x14
 802 0370 68010000 		.4byte	.LASF31
 803 0374 68010000 		.4byte	.LASF31
 804 0378 07       		.byte	0x7
 805 0379 29       		.byte	0x29
 806 037a 14       		.uleb128 0x14
 807 037b E3010000 		.4byte	.LASF32
 808 037f E3010000 		.4byte	.LASF32
 809 0383 08       		.byte	0x8
 810 0384 29       		.byte	0x29
 811 0385 14       		.uleb128 0x14
 812 0386 C4020000 		.4byte	.LASF33
 813 038a C4020000 		.4byte	.LASF33
 814 038e 09       		.byte	0x9
 815 038f 29       		.byte	0x29
 816 0390 14       		.uleb128 0x14
 817 0391 D8010000 		.4byte	.LASF34
 818 0395 D8010000 		.4byte	.LASF34
 819 0399 0A       		.byte	0xa
 820 039a 29       		.byte	0x29
 821 039b 14       		.uleb128 0x14
 822 039c 53020000 		.4byte	.LASF35
 823 03a0 53020000 		.4byte	.LASF35
 824 03a4 0B       		.byte	0xb
 825 03a5 29       		.byte	0x29
 826 03a6 14       		.uleb128 0x14
 827 03a7 86000000 		.4byte	.LASF36
 828 03ab 86000000 		.4byte	.LASF36
 829 03af 0C       		.byte	0xc
 830 03b0 29       		.byte	0x29
 831 03b1 14       		.uleb128 0x14
 832 03b2 A9010000 		.4byte	.LASF37
 833 03b6 A9010000 		.4byte	.LASF37
 834 03ba 0D       		.byte	0xd
 835 03bb 29       		.byte	0x29
 836 03bc 14       		.uleb128 0x14
 837 03bd 8F020000 		.4byte	.LASF38
 838 03c1 8F020000 		.4byte	.LASF38
 839 03c5 0E       		.byte	0xe
 840 03c6 29       		.byte	0x29
 841 03c7 14       		.uleb128 0x14
 842 03c8 2F000000 		.4byte	.LASF39
 843 03cc 2F000000 		.4byte	.LASF39
 844 03d0 0F       		.byte	0xf
 845 03d1 29       		.byte	0x29
 846 03d2 13       		.uleb128 0x13
 847 03d3 23020000 		.4byte	.LASF40
 848 03d7 23020000 		.4byte	.LASF40
 849 03db 05       		.byte	0x5
 850 03dc 3C01     		.2byte	0x13c
 851 03de 14       		.uleb128 0x14
 852 03df BC020000 		.4byte	.LASF41
 853 03e3 BC020000 		.4byte	.LASF41
 854 03e7 10       		.byte	0x10
 855 03e8 76       		.byte	0x76
 856 03e9 00       		.byte	0
ARM GAS  C:\Users\funti\AppData\Local\Temp\ccQtuinI.s 			page 18


 857              		.section	.debug_abbrev,"",%progbits
 858              	.Ldebug_abbrev0:
 859 0000 01       		.uleb128 0x1
 860 0001 11       		.uleb128 0x11
 861 0002 01       		.byte	0x1
 862 0003 25       		.uleb128 0x25
 863 0004 0E       		.uleb128 0xe
 864 0005 13       		.uleb128 0x13
 865 0006 0B       		.uleb128 0xb
 866 0007 03       		.uleb128 0x3
 867 0008 0E       		.uleb128 0xe
 868 0009 1B       		.uleb128 0x1b
 869 000a 0E       		.uleb128 0xe
 870 000b 55       		.uleb128 0x55
 871 000c 17       		.uleb128 0x17
 872 000d 11       		.uleb128 0x11
 873 000e 01       		.uleb128 0x1
 874 000f 10       		.uleb128 0x10
 875 0010 17       		.uleb128 0x17
 876 0011 00       		.byte	0
 877 0012 00       		.byte	0
 878 0013 02       		.uleb128 0x2
 879 0014 24       		.uleb128 0x24
 880 0015 00       		.byte	0
 881 0016 0B       		.uleb128 0xb
 882 0017 0B       		.uleb128 0xb
 883 0018 3E       		.uleb128 0x3e
 884 0019 0B       		.uleb128 0xb
 885 001a 03       		.uleb128 0x3
 886 001b 0E       		.uleb128 0xe
 887 001c 00       		.byte	0
 888 001d 00       		.byte	0
 889 001e 03       		.uleb128 0x3
 890 001f 16       		.uleb128 0x16
 891 0020 00       		.byte	0
 892 0021 03       		.uleb128 0x3
 893 0022 0E       		.uleb128 0xe
 894 0023 3A       		.uleb128 0x3a
 895 0024 0B       		.uleb128 0xb
 896 0025 3B       		.uleb128 0x3b
 897 0026 0B       		.uleb128 0xb
 898 0027 49       		.uleb128 0x49
 899 0028 13       		.uleb128 0x13
 900 0029 00       		.byte	0
 901 002a 00       		.byte	0
 902 002b 04       		.uleb128 0x4
 903 002c 24       		.uleb128 0x24
 904 002d 00       		.byte	0
 905 002e 0B       		.uleb128 0xb
 906 002f 0B       		.uleb128 0xb
 907 0030 3E       		.uleb128 0x3e
 908 0031 0B       		.uleb128 0xb
 909 0032 03       		.uleb128 0x3
 910 0033 08       		.uleb128 0x8
 911 0034 00       		.byte	0
 912 0035 00       		.byte	0
 913 0036 05       		.uleb128 0x5
ARM GAS  C:\Users\funti\AppData\Local\Temp\ccQtuinI.s 			page 19


 914 0037 16       		.uleb128 0x16
 915 0038 00       		.byte	0
 916 0039 03       		.uleb128 0x3
 917 003a 0E       		.uleb128 0xe
 918 003b 3A       		.uleb128 0x3a
 919 003c 0B       		.uleb128 0xb
 920 003d 3B       		.uleb128 0x3b
 921 003e 05       		.uleb128 0x5
 922 003f 49       		.uleb128 0x49
 923 0040 13       		.uleb128 0x13
 924 0041 00       		.byte	0
 925 0042 00       		.byte	0
 926 0043 06       		.uleb128 0x6
 927 0044 2E       		.uleb128 0x2e
 928 0045 01       		.byte	0x1
 929 0046 3F       		.uleb128 0x3f
 930 0047 19       		.uleb128 0x19
 931 0048 03       		.uleb128 0x3
 932 0049 0E       		.uleb128 0xe
 933 004a 3A       		.uleb128 0x3a
 934 004b 0B       		.uleb128 0xb
 935 004c 3B       		.uleb128 0x3b
 936 004d 0B       		.uleb128 0xb
 937 004e 27       		.uleb128 0x27
 938 004f 19       		.uleb128 0x19
 939 0050 11       		.uleb128 0x11
 940 0051 01       		.uleb128 0x1
 941 0052 12       		.uleb128 0x12
 942 0053 06       		.uleb128 0x6
 943 0054 40       		.uleb128 0x40
 944 0055 18       		.uleb128 0x18
 945 0056 9742     		.uleb128 0x2117
 946 0058 19       		.uleb128 0x19
 947 0059 01       		.uleb128 0x1
 948 005a 13       		.uleb128 0x13
 949 005b 00       		.byte	0
 950 005c 00       		.byte	0
 951 005d 07       		.uleb128 0x7
 952 005e 898201   		.uleb128 0x4109
 953 0061 01       		.byte	0x1
 954 0062 11       		.uleb128 0x11
 955 0063 01       		.uleb128 0x1
 956 0064 31       		.uleb128 0x31
 957 0065 13       		.uleb128 0x13
 958 0066 01       		.uleb128 0x1
 959 0067 13       		.uleb128 0x13
 960 0068 00       		.byte	0
 961 0069 00       		.byte	0
 962 006a 08       		.uleb128 0x8
 963 006b 8A8201   		.uleb128 0x410a
 964 006e 00       		.byte	0
 965 006f 02       		.uleb128 0x2
 966 0070 18       		.uleb128 0x18
 967 0071 9142     		.uleb128 0x2111
 968 0073 18       		.uleb128 0x18
 969 0074 00       		.byte	0
 970 0075 00       		.byte	0
ARM GAS  C:\Users\funti\AppData\Local\Temp\ccQtuinI.s 			page 20


 971 0076 09       		.uleb128 0x9
 972 0077 898201   		.uleb128 0x4109
 973 007a 00       		.byte	0
 974 007b 11       		.uleb128 0x11
 975 007c 01       		.uleb128 0x1
 976 007d 31       		.uleb128 0x31
 977 007e 13       		.uleb128 0x13
 978 007f 00       		.byte	0
 979 0080 00       		.byte	0
 980 0081 0A       		.uleb128 0xa
 981 0082 898201   		.uleb128 0x4109
 982 0085 01       		.byte	0x1
 983 0086 11       		.uleb128 0x11
 984 0087 01       		.uleb128 0x1
 985 0088 31       		.uleb128 0x31
 986 0089 13       		.uleb128 0x13
 987 008a 00       		.byte	0
 988 008b 00       		.byte	0
 989 008c 0B       		.uleb128 0xb
 990 008d 05       		.uleb128 0x5
 991 008e 00       		.byte	0
 992 008f 03       		.uleb128 0x3
 993 0090 0E       		.uleb128 0xe
 994 0091 3A       		.uleb128 0x3a
 995 0092 0B       		.uleb128 0xb
 996 0093 3B       		.uleb128 0x3b
 997 0094 0B       		.uleb128 0xb
 998 0095 49       		.uleb128 0x49
 999 0096 13       		.uleb128 0x13
 1000 0097 02       		.uleb128 0x2
 1001 0098 17       		.uleb128 0x17
 1002 0099 00       		.byte	0
 1003 009a 00       		.byte	0
 1004 009b 0C       		.uleb128 0xc
 1005 009c 05       		.uleb128 0x5
 1006 009d 00       		.byte	0
 1007 009e 03       		.uleb128 0x3
 1008 009f 0E       		.uleb128 0xe
 1009 00a0 3A       		.uleb128 0x3a
 1010 00a1 0B       		.uleb128 0xb
 1011 00a2 3B       		.uleb128 0x3b
 1012 00a3 0B       		.uleb128 0xb
 1013 00a4 49       		.uleb128 0x49
 1014 00a5 13       		.uleb128 0x13
 1015 00a6 02       		.uleb128 0x2
 1016 00a7 18       		.uleb128 0x18
 1017 00a8 00       		.byte	0
 1018 00a9 00       		.byte	0
 1019 00aa 0D       		.uleb128 0xd
 1020 00ab 2E       		.uleb128 0x2e
 1021 00ac 01       		.byte	0x1
 1022 00ad 3F       		.uleb128 0x3f
 1023 00ae 19       		.uleb128 0x19
 1024 00af 03       		.uleb128 0x3
 1025 00b0 0E       		.uleb128 0xe
 1026 00b1 3A       		.uleb128 0x3a
 1027 00b2 0B       		.uleb128 0xb
ARM GAS  C:\Users\funti\AppData\Local\Temp\ccQtuinI.s 			page 21


 1028 00b3 3B       		.uleb128 0x3b
 1029 00b4 0B       		.uleb128 0xb
 1030 00b5 27       		.uleb128 0x27
 1031 00b6 19       		.uleb128 0x19
 1032 00b7 49       		.uleb128 0x49
 1033 00b8 13       		.uleb128 0x13
 1034 00b9 8701     		.uleb128 0x87
 1035 00bb 19       		.uleb128 0x19
 1036 00bc 11       		.uleb128 0x11
 1037 00bd 01       		.uleb128 0x1
 1038 00be 12       		.uleb128 0x12
 1039 00bf 06       		.uleb128 0x6
 1040 00c0 40       		.uleb128 0x40
 1041 00c1 18       		.uleb128 0x18
 1042 00c2 9742     		.uleb128 0x2117
 1043 00c4 19       		.uleb128 0x19
 1044 00c5 01       		.uleb128 0x1
 1045 00c6 13       		.uleb128 0x13
 1046 00c7 00       		.byte	0
 1047 00c8 00       		.byte	0
 1048 00c9 0E       		.uleb128 0xe
 1049 00ca 01       		.uleb128 0x1
 1050 00cb 01       		.byte	0x1
 1051 00cc 49       		.uleb128 0x49
 1052 00cd 13       		.uleb128 0x13
 1053 00ce 01       		.uleb128 0x1
 1054 00cf 13       		.uleb128 0x13
 1055 00d0 00       		.byte	0
 1056 00d1 00       		.byte	0
 1057 00d2 0F       		.uleb128 0xf
 1058 00d3 21       		.uleb128 0x21
 1059 00d4 00       		.byte	0
 1060 00d5 49       		.uleb128 0x49
 1061 00d6 13       		.uleb128 0x13
 1062 00d7 2F       		.uleb128 0x2f
 1063 00d8 0B       		.uleb128 0xb
 1064 00d9 00       		.byte	0
 1065 00da 00       		.byte	0
 1066 00db 10       		.uleb128 0x10
 1067 00dc 34       		.uleb128 0x34
 1068 00dd 00       		.byte	0
 1069 00de 03       		.uleb128 0x3
 1070 00df 0E       		.uleb128 0xe
 1071 00e0 3A       		.uleb128 0x3a
 1072 00e1 0B       		.uleb128 0xb
 1073 00e2 3B       		.uleb128 0x3b
 1074 00e3 0B       		.uleb128 0xb
 1075 00e4 49       		.uleb128 0x49
 1076 00e5 13       		.uleb128 0x13
 1077 00e6 02       		.uleb128 0x2
 1078 00e7 18       		.uleb128 0x18
 1079 00e8 00       		.byte	0
 1080 00e9 00       		.byte	0
 1081 00ea 11       		.uleb128 0x11
 1082 00eb 34       		.uleb128 0x34
 1083 00ec 00       		.byte	0
 1084 00ed 03       		.uleb128 0x3
ARM GAS  C:\Users\funti\AppData\Local\Temp\ccQtuinI.s 			page 22


 1085 00ee 0E       		.uleb128 0xe
 1086 00ef 3A       		.uleb128 0x3a
 1087 00f0 0B       		.uleb128 0xb
 1088 00f1 3B       		.uleb128 0x3b
 1089 00f2 05       		.uleb128 0x5
 1090 00f3 49       		.uleb128 0x49
 1091 00f4 13       		.uleb128 0x13
 1092 00f5 3F       		.uleb128 0x3f
 1093 00f6 19       		.uleb128 0x19
 1094 00f7 3C       		.uleb128 0x3c
 1095 00f8 19       		.uleb128 0x19
 1096 00f9 00       		.byte	0
 1097 00fa 00       		.byte	0
 1098 00fb 12       		.uleb128 0x12
 1099 00fc 35       		.uleb128 0x35
 1100 00fd 00       		.byte	0
 1101 00fe 49       		.uleb128 0x49
 1102 00ff 13       		.uleb128 0x13
 1103 0100 00       		.byte	0
 1104 0101 00       		.byte	0
 1105 0102 13       		.uleb128 0x13
 1106 0103 2E       		.uleb128 0x2e
 1107 0104 00       		.byte	0
 1108 0105 3F       		.uleb128 0x3f
 1109 0106 19       		.uleb128 0x19
 1110 0107 3C       		.uleb128 0x3c
 1111 0108 19       		.uleb128 0x19
 1112 0109 6E       		.uleb128 0x6e
 1113 010a 0E       		.uleb128 0xe
 1114 010b 03       		.uleb128 0x3
 1115 010c 0E       		.uleb128 0xe
 1116 010d 3A       		.uleb128 0x3a
 1117 010e 0B       		.uleb128 0xb
 1118 010f 3B       		.uleb128 0x3b
 1119 0110 05       		.uleb128 0x5
 1120 0111 00       		.byte	0
 1121 0112 00       		.byte	0
 1122 0113 14       		.uleb128 0x14
 1123 0114 2E       		.uleb128 0x2e
 1124 0115 00       		.byte	0
 1125 0116 3F       		.uleb128 0x3f
 1126 0117 19       		.uleb128 0x19
 1127 0118 3C       		.uleb128 0x3c
 1128 0119 19       		.uleb128 0x19
 1129 011a 6E       		.uleb128 0x6e
 1130 011b 0E       		.uleb128 0xe
 1131 011c 03       		.uleb128 0x3
 1132 011d 0E       		.uleb128 0xe
 1133 011e 3A       		.uleb128 0x3a
 1134 011f 0B       		.uleb128 0xb
 1135 0120 3B       		.uleb128 0x3b
 1136 0121 0B       		.uleb128 0xb
 1137 0122 00       		.byte	0
 1138 0123 00       		.byte	0
 1139 0124 00       		.byte	0
 1140              		.section	.debug_loc,"",%progbits
 1141              	.Ldebug_loc0:
ARM GAS  C:\Users\funti\AppData\Local\Temp\ccQtuinI.s 			page 23


 1142              	.LLST0:
 1143 0000 00000000 		.4byte	.LVL3
 1144 0004 0C000000 		.4byte	.LVL4
 1145 0008 0100     		.2byte	0x1
 1146 000a 50       		.byte	0x50
 1147 000b 0C000000 		.4byte	.LVL4
 1148 000f 16000000 		.4byte	.LVL5
 1149 0013 0400     		.2byte	0x4
 1150 0015 F3       		.byte	0xf3
 1151 0016 01       		.uleb128 0x1
 1152 0017 50       		.byte	0x50
 1153 0018 9F       		.byte	0x9f
 1154 0019 16000000 		.4byte	.LVL5
 1155 001d 1C000000 		.4byte	.LVL6
 1156 0021 0100     		.2byte	0x1
 1157 0023 50       		.byte	0x50
 1158 0024 1C000000 		.4byte	.LVL6
 1159 0028 28000000 		.4byte	.LVL7
 1160 002c 0400     		.2byte	0x4
 1161 002e F3       		.byte	0xf3
 1162 002f 01       		.uleb128 0x1
 1163 0030 50       		.byte	0x50
 1164 0031 9F       		.byte	0x9f
 1165 0032 28000000 		.4byte	.LVL7
 1166 0036 2E000000 		.4byte	.LVL8
 1167 003a 0100     		.2byte	0x1
 1168 003c 50       		.byte	0x50
 1169 003d 2E000000 		.4byte	.LVL8
 1170 0041 30000000 		.4byte	.LVL9
 1171 0045 0400     		.2byte	0x4
 1172 0047 F3       		.byte	0xf3
 1173 0048 01       		.uleb128 0x1
 1174 0049 50       		.byte	0x50
 1175 004a 9F       		.byte	0x9f
 1176 004b 30000000 		.4byte	.LVL9
 1177 004f 38000000 		.4byte	.LVL10
 1178 0053 0100     		.2byte	0x1
 1179 0055 50       		.byte	0x50
 1180 0056 42000000 		.4byte	.LVL11
 1181 005a 48000000 		.4byte	.LVL12
 1182 005e 0100     		.2byte	0x1
 1183 0060 50       		.byte	0x50
 1184 0061 54000000 		.4byte	.LVL13
 1185 0065 56000000 		.4byte	.LVL14
 1186 0069 0100     		.2byte	0x1
 1187 006b 50       		.byte	0x50
 1188 006c 56000000 		.4byte	.LVL14
 1189 0070 58000000 		.4byte	.LVL15
 1190 0074 0400     		.2byte	0x4
 1191 0076 F3       		.byte	0xf3
 1192 0077 01       		.uleb128 0x1
 1193 0078 50       		.byte	0x50
 1194 0079 9F       		.byte	0x9f
 1195 007a 58000000 		.4byte	.LVL15
 1196 007e 60000000 		.4byte	.LVL16
 1197 0082 0100     		.2byte	0x1
 1198 0084 50       		.byte	0x50
ARM GAS  C:\Users\funti\AppData\Local\Temp\ccQtuinI.s 			page 24


 1199 0085 6A000000 		.4byte	.LVL17
 1200 0089 70000000 		.4byte	.LVL18
 1201 008d 0100     		.2byte	0x1
 1202 008f 50       		.byte	0x50
 1203 0090 00000000 		.4byte	0
 1204 0094 00000000 		.4byte	0
 1205              		.section	.debug_aranges,"",%progbits
 1206 0000 34000000 		.4byte	0x34
 1207 0004 0200     		.2byte	0x2
 1208 0006 00000000 		.4byte	.Ldebug_info0
 1209 000a 04       		.byte	0x4
 1210 000b 00       		.byte	0
 1211 000c 0000     		.2byte	0
 1212 000e 0000     		.2byte	0
 1213 0010 00000000 		.4byte	.LFB64
 1214 0014 24000000 		.4byte	.LFE64-.LFB64
 1215 0018 00000000 		.4byte	.LFB66
 1216 001c 80000000 		.4byte	.LFE66-.LFB66
 1217 0020 00000000 		.4byte	.LFB65
 1218 0024 A4000000 		.4byte	.LFE65-.LFB65
 1219 0028 00000000 		.4byte	.LFB63
 1220 002c 34000000 		.4byte	.LFE63-.LFB63
 1221 0030 00000000 		.4byte	0
 1222 0034 00000000 		.4byte	0
 1223              		.section	.debug_ranges,"",%progbits
 1224              	.Ldebug_ranges0:
 1225 0000 00000000 		.4byte	.LFB64
 1226 0004 24000000 		.4byte	.LFE64
 1227 0008 00000000 		.4byte	.LFB66
 1228 000c 80000000 		.4byte	.LFE66
 1229 0010 00000000 		.4byte	.LFB65
 1230 0014 A4000000 		.4byte	.LFE65
 1231 0018 00000000 		.4byte	.LFB63
 1232 001c 34000000 		.4byte	.LFE63
 1233 0020 00000000 		.4byte	0
 1234 0024 00000000 		.4byte	0
 1235              		.section	.debug_line,"",%progbits
 1236              	.Ldebug_line0:
 1237 0000 3D020000 		.section	.debug_str,"MS",%progbits,1
 1237      0200CE01 
 1237      00000201 
 1237      FB0E0D00 
 1237      01010101 
 1238              	.LASF24:
 1239 0000 42757474 		.ascii	"Buttons1\000"
 1239      6F6E7331 
 1239      00
 1240              	.LASF25:
 1241 0009 42757474 		.ascii	"Buttons2\000"
 1241      6F6E7332 
 1241      00
 1242              	.LASF26:
 1243 0012 42757474 		.ascii	"Buttons3\000"
 1243      6F6E7333 
 1243      00
 1244              	.LASF30:
 1245 001b 53575F41 		.ascii	"SW_A_Read\000"
ARM GAS  C:\Users\funti\AppData\Local\Temp\ccQtuinI.s 			page 25


 1245      5F526561 
 1245      6400
 1246              	.LASF9:
 1247 0025 5F5F696E 		.ascii	"__int32_t\000"
 1247      7433325F 
 1247      7400
 1248              	.LASF39:
 1249 002f 42544E5F 		.ascii	"BTN_6_Read\000"
 1249      365F5265 
 1249      616400
 1250              	.LASF44:
 1251 003a 433A5C55 		.ascii	"C:\\Users\\funti\\Robotics Projects\\CypressPSoCBut"
 1251      73657273 
 1251      5C66756E 
 1251      74695C52 
 1251      6F626F74 
 1252 0069 746F6E42 		.ascii	"tonBox2026\\HIDJoystick.cydsn\000"
 1252      6F783230 
 1252      32365C48 
 1252      49444A6F 
 1252      79737469 
 1253              	.LASF36:
 1254 0086 42544E5F 		.ascii	"BTN_3_Read\000"
 1254      335F5265 
 1254      616400
 1255              	.LASF10:
 1256 0091 696E7433 		.ascii	"int32_t\000"
 1256      325F7400 
 1257              	.LASF13:
 1258 0099 666C6F61 		.ascii	"float\000"
 1258      7400
 1259              	.LASF21:
 1260 009f 70696E52 		.ascii	"pinRead\000"
 1260      65616400 
 1261              	.LASF1:
 1262 00a7 756E7369 		.ascii	"unsigned char\000"
 1262      676E6564 
 1262      20636861 
 1262      7200
 1263              	.LASF42:
 1264 00b5 474E5520 		.ascii	"GNU C11 5.4.1 20160609 (release) [ARM/embedded-5-br"
 1264      43313120 
 1264      352E342E 
 1264      31203230 
 1264      31363036 
 1265 00e8 616E6368 		.ascii	"anch revision 237715] -mcpu=cortex-m3 -mthumb -g -O"
 1265      20726576 
 1265      6973696F 
 1265      6E203233 
 1265      37373135 
 1266 011b 67202D66 		.ascii	"g -ffunction-sections -ffat-lto-objects\000"
 1266      66756E63 
 1266      74696F6E 
 1266      2D736563 
 1266      74696F6E 
 1267              	.LASF5:
 1268 0143 6C6F6E67 		.ascii	"long unsigned int\000"
ARM GAS  C:\Users\funti\AppData\Local\Temp\ccQtuinI.s 			page 26


 1268      20756E73 
 1268      69676E65 
 1268      6420696E 
 1268      7400
 1269              	.LASF3:
 1270 0155 73686F72 		.ascii	"short unsigned int\000"
 1270      7420756E 
 1270      7369676E 
 1270      65642069 
 1270      6E7400
 1271              	.LASF31:
 1272 0168 53575F42 		.ascii	"SW_B_Read\000"
 1272      5F526561 
 1272      6400
 1273              	.LASF28:
 1274 0172 55534246 		.ascii	"USBFS_1_GetConfiguration\000"
 1274      535F315F 
 1274      47657443 
 1274      6F6E6669 
 1274      67757261 
 1275              	.LASF14:
 1276 018b 646F7562 		.ascii	"double\000"
 1276      6C6500
 1277              	.LASF45:
 1278 0192 6D61696E 		.ascii	"main\000"
 1278      00
 1279              	.LASF12:
 1280 0197 696E7438 		.ascii	"int8\000"
 1280      00
 1281              	.LASF46:
 1282 019c 49544D5F 		.ascii	"ITM_RxBuffer\000"
 1282      52784275 
 1282      66666572 
 1282      00
 1283              	.LASF37:
 1284 01a9 42544E5F 		.ascii	"BTN_4_Read\000"
 1284      345F5265 
 1284      616400
 1285              	.LASF8:
 1286 01b4 756E7369 		.ascii	"unsigned int\000"
 1286      676E6564 
 1286      20696E74 
 1286      00
 1287              	.LASF7:
 1288 01c1 6C6F6E67 		.ascii	"long long unsigned int\000"
 1288      206C6F6E 
 1288      6720756E 
 1288      7369676E 
 1288      65642069 
 1289              	.LASF34:
 1290 01d8 42544E5F 		.ascii	"BTN_1_Read\000"
 1290      315F5265 
 1290      616400
 1291              	.LASF32:
 1292 01e3 53575F43 		.ascii	"SW_C_Read\000"
 1292      5F526561 
 1292      6400
ARM GAS  C:\Users\funti\AppData\Local\Temp\ccQtuinI.s 			page 27


 1293              	.LASF23:
 1294 01ed 4A6F7973 		.ascii	"Joystick_Data\000"
 1294      7469636B 
 1294      5F446174 
 1294      6100
 1295              	.LASF27:
 1296 01fb 55534246 		.ascii	"USBFS_1_Start\000"
 1296      535F315F 
 1296      53746172 
 1296      7400
 1297              	.LASF29:
 1298 0209 55534246 		.ascii	"USBFS_1_LoadInEP\000"
 1298      535F315F 
 1298      4C6F6164 
 1298      496E4550 
 1298      00
 1299              	.LASF17:
 1300 021a 73697A65 		.ascii	"sizetype\000"
 1300      74797065 
 1300      00
 1301              	.LASF40:
 1302 0223 55534246 		.ascii	"USBFS_1_GetEPAckState\000"
 1302      535F315F 
 1302      47657445 
 1302      5041636B 
 1302      53746174 
 1303              	.LASF6:
 1304 0239 6C6F6E67 		.ascii	"long long int\000"
 1304      206C6F6E 
 1304      6720696E 
 1304      7400
 1305              	.LASF43:
 1306 0247 6D61696E 		.ascii	"main.c\000"
 1306      2E6300
 1307              	.LASF15:
 1308 024e 63686172 		.ascii	"char\000"
 1308      00
 1309              	.LASF35:
 1310 0253 42544E5F 		.ascii	"BTN_2_Read\000"
 1310      325F5265 
 1310      616400
 1311              	.LASF22:
 1312 025e 52656164 		.ascii	"ReadButtons\000"
 1312      42757474 
 1312      6F6E7300 
 1313              	.LASF2:
 1314 026a 73686F72 		.ascii	"short int\000"
 1314      7420696E 
 1314      7400
 1315              	.LASF11:
 1316 0274 75696E74 		.ascii	"uint8\000"
 1316      3800
 1317              	.LASF4:
 1318 027a 6C6F6E67 		.ascii	"long int\000"
 1318      20696E74 
 1318      00
 1319              	.LASF16:
ARM GAS  C:\Users\funti\AppData\Local\Temp\ccQtuinI.s 			page 28


 1320 0283 6C6F6E67 		.ascii	"long double\000"
 1320      20646F75 
 1320      626C6500 
 1321              	.LASF38:
 1322 028f 42544E5F 		.ascii	"BTN_5_Read\000"
 1322      355F5265 
 1322      616400
 1323              	.LASF0:
 1324 029a 7369676E 		.ascii	"signed char\000"
 1324      65642063 
 1324      68617200 
 1325              	.LASF18:
 1326 02a6 53746172 		.ascii	"StartUp\000"
 1326      74557000 
 1327              	.LASF19:
 1328 02ae 73657442 		.ascii	"setBit\000"
 1328      697400
 1329              	.LASF20:
 1330 02b5 6269744E 		.ascii	"bitNum\000"
 1330      756D00
 1331              	.LASF41:
 1332 02bc 43794465 		.ascii	"CyDelay\000"
 1332      6C617900 
 1333              	.LASF33:
 1334 02c4 53575F44 		.ascii	"SW_D_Read\000"
 1334      5F526561 
 1334      6400
 1335              		.ident	"GCC: (GNU Tools for ARM Embedded Processors) 5.4.1 20160609 (release) [ARM/embedded-5-bran
