ARM GAS  C:\Users\funti\AppData\Local\Temp\ccqoi5xp.s 			page 1


   1              		.syntax unified
   2              		.cpu cortex-m3
   3              		.fpu softvfp
   4              		.eabi_attribute 20, 1
   5              		.eabi_attribute 21, 1
   6              		.eabi_attribute 23, 3
   7              		.eabi_attribute 24, 1
   8              		.eabi_attribute 25, 1
   9              		.eabi_attribute 26, 1
  10              		.eabi_attribute 30, 1
  11              		.eabi_attribute 34, 1
  12              		.eabi_attribute 18, 4
  13              		.thumb
  14              		.syntax unified
  15              		.file	"USBFS_1_descr.c"
  16              		.text
  17              	.Ltext0:
  18              		.cfi_sections	.debug_frame
  19              		.global	USBFS_1_TABLE
  20              		.global	USBFS_1_DEVICE0_TABLE
  21              		.global	USBFS_1_DEVICE0_CONFIGURATION0_TABLE
  22              		.global	USBFS_1_DEVICE0_CONFIGURATION0_INTERFACE_CLASS
  23              		.global	USBFS_1_DEVICE0_CONFIGURATION0_EP_SETTINGS_TABLE
  24              		.global	USBFS_1_DEVICE0_CONFIGURATION0_INTERFACE0_TABLE
  25              		.global	USBFS_1_DEVICE0_CONFIGURATION0_INTERFACE0_ALTERNATE0_HID_TABLE
  26              		.global	USBFS_1_DEVICE0_CONFIGURATION0_INTERFACE0_ALTERNATE0_HID_IN_RPT_TABLE
  27              		.comm	USBFS_1_DEVICE0_CONFIGURATION0_INTERFACE0_ALTERNATE0_HID_IN_BUF,4,4
  28              		.comm	USBFS_1_DEVICE0_CONFIGURATION0_INTERFACE0_ALTERNATE0_HID_IN_RPT_SCB,4,4
  29              		.global	USBFS_1_HIDREPORT_DESCRIPTOR1
  30              		.global	USBFS_1_STRING_DESCRIPTORS
  31              		.global	USBFS_1_DEVICE0_CONFIGURATION0_DESCR
  32              		.global	USBFS_1_DEVICE0_DESCR
  33              		.section	.rodata
  34              		.align	2
  35              		.type	USBFS_1_TABLE, %object
  36              		.size	USBFS_1_TABLE, 8
  37              	USBFS_1_TABLE:
  38 0000 01       		.byte	1
  39 0001 000000   		.space	3
  40 0004 00000000 		.word	USBFS_1_DEVICE0_TABLE
  41              		.type	USBFS_1_DEVICE0_TABLE, %object
  42              		.size	USBFS_1_DEVICE0_TABLE, 24
  43              	USBFS_1_DEVICE0_TABLE:
  44 0008 01       		.byte	1
  45 0009 000000   		.space	3
  46 000c 00000000 		.word	USBFS_1_DEVICE0_DESCR
  47 0010 00       		.byte	0
  48 0011 000000   		.space	3
  49 0014 00000000 		.word	0
  50 0018 01       		.byte	1
  51 0019 000000   		.space	3
  52 001c 00000000 		.word	USBFS_1_DEVICE0_CONFIGURATION0_TABLE
  53              		.type	USBFS_1_DEVICE0_CONFIGURATION0_TABLE, %object
  54              		.size	USBFS_1_DEVICE0_CONFIGURATION0_TABLE, 32
  55              	USBFS_1_DEVICE0_CONFIGURATION0_TABLE:
  56 0020 01       		.byte	1
  57 0021 000000   		.space	3
ARM GAS  C:\Users\funti\AppData\Local\Temp\ccqoi5xp.s 			page 2


  58 0024 00000000 		.word	USBFS_1_DEVICE0_CONFIGURATION0_DESCR
  59 0028 01       		.byte	1
  60 0029 000000   		.space	3
  61 002c 00000000 		.word	USBFS_1_DEVICE0_CONFIGURATION0_EP_SETTINGS_TABLE
  62 0030 01       		.byte	1
  63 0031 000000   		.space	3
  64 0034 00000000 		.word	USBFS_1_DEVICE0_CONFIGURATION0_INTERFACE0_TABLE
  65 0038 00       		.byte	0
  66 0039 000000   		.space	3
  67 003c 00000000 		.word	USBFS_1_DEVICE0_CONFIGURATION0_INTERFACE_CLASS
  68              		.type	USBFS_1_DEVICE0_CONFIGURATION0_INTERFACE_CLASS, %object
  69              		.size	USBFS_1_DEVICE0_CONFIGURATION0_INTERFACE_CLASS, 1
  70              	USBFS_1_DEVICE0_CONFIGURATION0_INTERFACE_CLASS:
  71 0040 03       		.byte	3
  72 0041 000000   		.space	3
  73              		.type	USBFS_1_DEVICE0_CONFIGURATION0_EP_SETTINGS_TABLE, %object
  74              		.size	USBFS_1_DEVICE0_CONFIGURATION0_EP_SETTINGS_TABLE, 8
  75              	USBFS_1_DEVICE0_CONFIGURATION0_EP_SETTINGS_TABLE:
  76 0044 00       		.byte	0
  77 0045 00       		.byte	0
  78 0046 81       		.byte	-127
  79 0047 03       		.byte	3
  80 0048 0800     		.short	8
  81 004a 03       		.byte	3
  82 004b 00       		.space	1
  83              		.type	USBFS_1_DEVICE0_CONFIGURATION0_INTERFACE0_TABLE, %object
  84              		.size	USBFS_1_DEVICE0_CONFIGURATION0_INTERFACE0_TABLE, 8
  85              	USBFS_1_DEVICE0_CONFIGURATION0_INTERFACE0_TABLE:
  86 004c 01       		.byte	1
  87 004d 000000   		.space	3
  88 0050 00000000 		.word	USBFS_1_DEVICE0_CONFIGURATION0_INTERFACE0_ALTERNATE0_HID_TABLE
  89              		.type	USBFS_1_DEVICE0_CONFIGURATION0_INTERFACE0_ALTERNATE0_HID_TABLE, %object
  90              		.size	USBFS_1_DEVICE0_CONFIGURATION0_INTERFACE0_ALTERNATE0_HID_TABLE, 40
  91              	USBFS_1_DEVICE0_CONFIGURATION0_INTERFACE0_ALTERNATE0_HID_TABLE:
  92 0054 00       		.byte	0
  93 0055 000000   		.space	3
  94 0058 00000000 		.word	USBFS_1_DEVICE0_CONFIGURATION0_INTERFACE0_ALTERNATE0_HID_IN_RPT_TABLE
  95 005c 00       		.byte	0
  96 005d 000000   		.space	3
  97 0060 00000000 		.word	0
  98 0064 00       		.byte	0
  99 0065 000000   		.space	3
 100 0068 00000000 		.word	0
 101 006c 01       		.byte	1
 102 006d 000000   		.space	3
 103 0070 00000000 		.word	USBFS_1_HIDREPORT_DESCRIPTOR1
 104 0074 01       		.byte	1
 105 0075 000000   		.space	3
 106 0078 12000000 		.word	USBFS_1_DEVICE0_CONFIGURATION0_DESCR+18
 107              		.type	USBFS_1_DEVICE0_CONFIGURATION0_INTERFACE0_ALTERNATE0_HID_IN_RPT_TABLE, %object
 108              		.size	USBFS_1_DEVICE0_CONFIGURATION0_INTERFACE0_ALTERNATE0_HID_IN_RPT_TABLE, 12
 109              	USBFS_1_DEVICE0_CONFIGURATION0_INTERFACE0_ALTERNATE0_HID_IN_RPT_TABLE:
 110 007c 0400     		.short	4
 111 007e 0000     		.space	2
 112 0080 00000000 		.word	USBFS_1_DEVICE0_CONFIGURATION0_INTERFACE0_ALTERNATE0_HID_IN_BUF
 113 0084 00000000 		.word	USBFS_1_DEVICE0_CONFIGURATION0_INTERFACE0_ALTERNATE0_HID_IN_RPT_SCB
 114              		.type	USBFS_1_HIDREPORT_DESCRIPTOR1, %object
ARM GAS  C:\Users\funti\AppData\Local\Temp\ccqoi5xp.s 			page 3


 115              		.size	USBFS_1_HIDREPORT_DESCRIPTOR1, 33
 116              	USBFS_1_HIDREPORT_DESCRIPTOR1:
 117 0088 1D       		.byte	29
 118 0089 00       		.byte	0
 119 008a 05       		.byte	5
 120 008b 01       		.byte	1
 121 008c 09       		.byte	9
 122 008d 04       		.byte	4
 123 008e A1       		.byte	-95
 124 008f 01       		.byte	1
 125 0090 05       		.byte	5
 126 0091 09       		.byte	9
 127 0092 19       		.byte	25
 128 0093 01       		.byte	1
 129 0094 29       		.byte	41
 130 0095 13       		.byte	19
 131 0096 15       		.byte	21
 132 0097 00       		.byte	0
 133 0098 25       		.byte	37
 134 0099 01       		.byte	1
 135 009a 75       		.byte	117
 136 009b 01       		.byte	1
 137 009c 95       		.byte	-107
 138 009d 13       		.byte	19
 139 009e 81       		.byte	-127
 140 009f 02       		.byte	2
 141 00a0 95       		.byte	-107
 142 00a1 05       		.byte	5
 143 00a2 75       		.byte	117
 144 00a3 01       		.byte	1
 145 00a4 81       		.byte	-127
 146 00a5 03       		.byte	3
 147 00a6 C0       		.byte	-64
 148 00a7 00       		.byte	0
 149 00a8 00       		.byte	0
 150 00a9 000000   		.space	3
 151              		.type	USBFS_1_STRING_DESCRIPTORS, %object
 152              		.size	USBFS_1_STRING_DESCRIPTORS, 71
 153              	USBFS_1_STRING_DESCRIPTORS:
 154 00ac 04       		.byte	4
 155 00ad 03       		.byte	3
 156 00ae 09       		.byte	9
 157 00af 04       		.byte	4
 158 00b0 2C       		.byte	44
 159 00b1 03       		.byte	3
 160 00b2 43       		.byte	67
 161 00b3 00       		.byte	0
 162 00b4 79       		.byte	121
 163 00b5 00       		.byte	0
 164 00b6 70       		.byte	112
 165 00b7 00       		.byte	0
 166 00b8 72       		.byte	114
 167 00b9 00       		.byte	0
 168 00ba 65       		.byte	101
 169 00bb 00       		.byte	0
 170 00bc 73       		.byte	115
 171 00bd 00       		.byte	0
ARM GAS  C:\Users\funti\AppData\Local\Temp\ccqoi5xp.s 			page 4


 172 00be 73       		.byte	115
 173 00bf 00       		.byte	0
 174 00c0 20       		.byte	32
 175 00c1 00       		.byte	0
 176 00c2 53       		.byte	83
 177 00c3 00       		.byte	0
 178 00c4 65       		.byte	101
 179 00c5 00       		.byte	0
 180 00c6 6D       		.byte	109
 181 00c7 00       		.byte	0
 182 00c8 69       		.byte	105
 183 00c9 00       		.byte	0
 184 00ca 63       		.byte	99
 185 00cb 00       		.byte	0
 186 00cc 6F       		.byte	111
 187 00cd 00       		.byte	0
 188 00ce 6E       		.byte	110
 189 00cf 00       		.byte	0
 190 00d0 64       		.byte	100
 191 00d1 00       		.byte	0
 192 00d2 75       		.byte	117
 193 00d3 00       		.byte	0
 194 00d4 63       		.byte	99
 195 00d5 00       		.byte	0
 196 00d6 74       		.byte	116
 197 00d7 00       		.byte	0
 198 00d8 6F       		.byte	111
 199 00d9 00       		.byte	0
 200 00da 72       		.byte	114
 201 00db 00       		.byte	0
 202 00dc 16       		.byte	22
 203 00dd 03       		.byte	3
 204 00de 48       		.byte	72
 205 00df 00       		.byte	0
 206 00e0 49       		.byte	73
 207 00e1 00       		.byte	0
 208 00e2 44       		.byte	68
 209 00e3 00       		.byte	0
 210 00e4 42       		.byte	66
 211 00e5 00       		.byte	0
 212 00e6 75       		.byte	117
 213 00e7 00       		.byte	0
 214 00e8 74       		.byte	116
 215 00e9 00       		.byte	0
 216 00ea 74       		.byte	116
 217 00eb 00       		.byte	0
 218 00ec 6F       		.byte	111
 219 00ed 00       		.byte	0
 220 00ee 6E       		.byte	110
 221 00ef 00       		.byte	0
 222 00f0 73       		.byte	115
 223 00f1 00       		.byte	0
 224 00f2 00       		.byte	0
 225 00f3 00       		.space	1
 226              		.type	USBFS_1_DEVICE0_CONFIGURATION0_DESCR, %object
 227              		.size	USBFS_1_DEVICE0_CONFIGURATION0_DESCR, 34
 228              	USBFS_1_DEVICE0_CONFIGURATION0_DESCR:
ARM GAS  C:\Users\funti\AppData\Local\Temp\ccqoi5xp.s 			page 5


 229 00f4 09       		.byte	9
 230 00f5 02       		.byte	2
 231 00f6 22       		.byte	34
 232 00f7 00       		.byte	0
 233 00f8 01       		.byte	1
 234 00f9 01       		.byte	1
 235 00fa 00       		.byte	0
 236 00fb 80       		.byte	-128
 237 00fc 19       		.byte	25
 238 00fd 09       		.byte	9
 239 00fe 04       		.byte	4
 240 00ff 00       		.byte	0
 241 0100 00       		.byte	0
 242 0101 01       		.byte	1
 243 0102 03       		.byte	3
 244 0103 00       		.byte	0
 245 0104 00       		.byte	0
 246 0105 00       		.byte	0
 247 0106 09       		.byte	9
 248 0107 21       		.byte	33
 249 0108 11       		.byte	17
 250 0109 01       		.byte	1
 251 010a 00       		.byte	0
 252 010b 01       		.byte	1
 253 010c 22       		.byte	34
 254 010d 1D       		.byte	29
 255 010e 00       		.byte	0
 256 010f 07       		.byte	7
 257 0110 05       		.byte	5
 258 0111 81       		.byte	-127
 259 0112 03       		.byte	3
 260 0113 08       		.byte	8
 261 0114 00       		.byte	0
 262 0115 0A       		.byte	10
 263 0116 0000     		.space	2
 264              		.type	USBFS_1_DEVICE0_DESCR, %object
 265              		.size	USBFS_1_DEVICE0_DESCR, 18
 266              	USBFS_1_DEVICE0_DESCR:
 267 0118 12       		.byte	18
 268 0119 01       		.byte	1
 269 011a 00       		.byte	0
 270 011b 02       		.byte	2
 271 011c 00       		.byte	0
 272 011d 00       		.byte	0
 273 011e 00       		.byte	0
 274 011f 08       		.byte	8
 275 0120 B4       		.byte	-76
 276 0121 04       		.byte	4
 277 0122 11       		.byte	17
 278 0123 E0       		.byte	-32
 279 0124 00       		.byte	0
 280 0125 00       		.byte	0
 281 0126 01       		.byte	1
 282 0127 02       		.byte	2
 283 0128 00       		.byte	0
 284 0129 01       		.byte	1
 285              		.text
ARM GAS  C:\Users\funti\AppData\Local\Temp\ccqoi5xp.s 			page 6


 286              	.Letext0:
 287              		.file 1 "Generated_Source\\PSoC5\\cytypes.h"
 288              		.file 2 "Generated_Source\\PSoC5\\USBFS_1.h"
 289              		.file 3 "Generated_Source\\PSoC5\\USBFS_1_descr.c"
 290              		.section	.debug_info,"",%progbits
 291              	.Ldebug_info0:
 292 0000 9B030000 		.4byte	0x39b
 293 0004 0400     		.2byte	0x4
 294 0006 00000000 		.4byte	.Ldebug_abbrev0
 295 000a 04       		.byte	0x4
 296 000b 01       		.uleb128 0x1
 297 000c A3010000 		.4byte	.LASF46
 298 0010 0C       		.byte	0xc
 299 0011 64030000 		.4byte	.LASF47
 300 0015 9A000000 		.4byte	.LASF48
 301 0019 00000000 		.4byte	.Ldebug_line0
 302 001d 02       		.uleb128 0x2
 303 001e 01       		.byte	0x1
 304 001f 06       		.byte	0x6
 305 0020 48040000 		.4byte	.LASF0
 306 0024 02       		.uleb128 0x2
 307 0025 01       		.byte	0x1
 308 0026 08       		.byte	0x8
 309 0027 95010000 		.4byte	.LASF1
 310 002b 02       		.uleb128 0x2
 311 002c 02       		.byte	0x2
 312 002d 05       		.byte	0x5
 313 002e C6030000 		.4byte	.LASF2
 314 0032 02       		.uleb128 0x2
 315 0033 02       		.byte	0x2
 316 0034 07       		.byte	0x7
 317 0035 62000000 		.4byte	.LASF3
 318 0039 02       		.uleb128 0x2
 319 003a 04       		.byte	0x4
 320 003b 05       		.byte	0x5
 321 003c 59000000 		.4byte	.LASF4
 322 0040 02       		.uleb128 0x2
 323 0041 04       		.byte	0x4
 324 0042 07       		.byte	0x7
 325 0043 3C020000 		.4byte	.LASF5
 326 0047 02       		.uleb128 0x2
 327 0048 08       		.byte	0x8
 328 0049 05       		.byte	0x5
 329 004a 56030000 		.4byte	.LASF6
 330 004e 02       		.uleb128 0x2
 331 004f 08       		.byte	0x8
 332 0050 07       		.byte	0x7
 333 0051 11030000 		.4byte	.LASF7
 334 0055 03       		.uleb128 0x3
 335 0056 04       		.byte	0x4
 336 0057 05       		.byte	0x5
 337 0058 696E7400 		.ascii	"int\000"
 338 005c 02       		.uleb128 0x2
 339 005d 04       		.byte	0x4
 340 005e 07       		.byte	0x7
 341 005f E0020000 		.4byte	.LASF8
 342 0063 04       		.uleb128 0x4
ARM GAS  C:\Users\funti\AppData\Local\Temp\ccqoi5xp.s 			page 7


 343 0064 D0030000 		.4byte	.LASF9
 344 0068 01       		.byte	0x1
 345 0069 E901     		.2byte	0x1e9
 346 006b 24000000 		.4byte	0x24
 347 006f 04       		.uleb128 0x4
 348 0070 A8020000 		.4byte	.LASF10
 349 0074 01       		.byte	0x1
 350 0075 EA01     		.2byte	0x1ea
 351 0077 32000000 		.4byte	0x32
 352 007b 02       		.uleb128 0x2
 353 007c 04       		.byte	0x4
 354 007d 04       		.byte	0x4
 355 007e 42010000 		.4byte	.LASF11
 356 0082 02       		.uleb128 0x2
 357 0083 08       		.byte	0x8
 358 0084 04       		.byte	0x4
 359 0085 A1020000 		.4byte	.LASF12
 360 0089 02       		.uleb128 0x2
 361 008a 01       		.byte	0x1
 362 008b 08       		.byte	0x8
 363 008c 2A040000 		.4byte	.LASF13
 364 0090 05       		.uleb128 0x5
 365 0091 63000000 		.4byte	0x63
 366 0095 02       		.uleb128 0x2
 367 0096 08       		.byte	0x8
 368 0097 04       		.byte	0x4
 369 0098 2F040000 		.4byte	.LASF14
 370 009c 02       		.uleb128 0x2
 371 009d 04       		.byte	0x4
 372 009e 07       		.byte	0x7
 373 009f 2F030000 		.4byte	.LASF15
 374 00a3 06       		.uleb128 0x6
 375 00a4 08       		.byte	0x8
 376 00a5 02       		.byte	0x2
 377 00a6 9D       		.byte	0x9d
 378 00a7 F4000000 		.4byte	0xf4
 379 00ab 07       		.uleb128 0x7
 380 00ac D6030000 		.4byte	.LASF16
 381 00b0 02       		.byte	0x2
 382 00b1 9F       		.byte	0x9f
 383 00b2 63000000 		.4byte	0x63
 384 00b6 00       		.byte	0
 385 00b7 07       		.uleb128 0x7
 386 00b8 37010000 		.4byte	.LASF17
 387 00bc 02       		.byte	0x2
 388 00bd A0       		.byte	0xa0
 389 00be 63000000 		.4byte	0x63
 390 00c2 01       		.byte	0x1
 391 00c3 07       		.uleb128 0x7
 392 00c4 4E020000 		.4byte	.LASF18
 393 00c8 02       		.byte	0x2
 394 00c9 A1       		.byte	0xa1
 395 00ca 63000000 		.4byte	0x63
 396 00ce 02       		.byte	0x2
 397 00cf 07       		.uleb128 0x7
 398 00d0 31020000 		.4byte	.LASF19
 399 00d4 02       		.byte	0x2
ARM GAS  C:\Users\funti\AppData\Local\Temp\ccqoi5xp.s 			page 8


 400 00d5 A2       		.byte	0xa2
 401 00d6 63000000 		.4byte	0x63
 402 00da 03       		.byte	0x3
 403 00db 07       		.uleb128 0x7
 404 00dc BB030000 		.4byte	.LASF20
 405 00e0 02       		.byte	0x2
 406 00e1 A3       		.byte	0xa3
 407 00e2 6F000000 		.4byte	0x6f
 408 00e6 04       		.byte	0x4
 409 00e7 07       		.uleb128 0x7
 410 00e8 C0040000 		.4byte	.LASF21
 411 00ec 02       		.byte	0x2
 412 00ed A4       		.byte	0xa4
 413 00ee 63000000 		.4byte	0x63
 414 00f2 06       		.byte	0x6
 415 00f3 00       		.byte	0
 416 00f4 08       		.uleb128 0x8
 417 00f5 85020000 		.4byte	.LASF22
 418 00f9 02       		.byte	0x2
 419 00fa A5       		.byte	0xa5
 420 00fb A3000000 		.4byte	0xa3
 421 00ff 06       		.uleb128 0x6
 422 0100 04       		.byte	0x4
 423 0101 02       		.byte	0x2
 424 0102 A7       		.byte	0xa7
 425 0103 20010000 		.4byte	0x120
 426 0107 07       		.uleb128 0x7
 427 0108 E6000000 		.4byte	.LASF23
 428 010c 02       		.byte	0x2
 429 010d A9       		.byte	0xa9
 430 010e 63000000 		.4byte	0x63
 431 0112 00       		.byte	0
 432 0113 07       		.uleb128 0x7
 433 0114 94040000 		.4byte	.LASF24
 434 0118 02       		.byte	0x2
 435 0119 AA       		.byte	0xaa
 436 011a 6F000000 		.4byte	0x6f
 437 011e 02       		.byte	0x2
 438 011f 00       		.byte	0
 439 0120 08       		.uleb128 0x8
 440 0121 53020000 		.4byte	.LASF25
 441 0125 02       		.byte	0x2
 442 0126 AB       		.byte	0xab
 443 0127 FF000000 		.4byte	0xff
 444 012b 06       		.uleb128 0x6
 445 012c 0C       		.byte	0xc
 446 012d 02       		.byte	0x2
 447 012e AD       		.byte	0xad
 448 012f 58010000 		.4byte	0x158
 449 0133 07       		.uleb128 0x7
 450 0134 53000000 		.4byte	.LASF26
 451 0138 02       		.byte	0x2
 452 0139 AF       		.byte	0xaf
 453 013a 6F000000 		.4byte	0x6f
 454 013e 00       		.byte	0
 455 013f 07       		.uleb128 0x7
 456 0140 31010000 		.4byte	.LASF27
ARM GAS  C:\Users\funti\AppData\Local\Temp\ccqoi5xp.s 			page 9


 457 0144 02       		.byte	0x2
 458 0145 B0       		.byte	0xb0
 459 0146 58010000 		.4byte	0x158
 460 014a 04       		.byte	0x4
 461 014b 07       		.uleb128 0x7
 462 014c 00000000 		.4byte	.LASF28
 463 0150 02       		.byte	0x2
 464 0151 B1       		.byte	0xb1
 465 0152 5E010000 		.4byte	0x15e
 466 0156 08       		.byte	0x8
 467 0157 00       		.byte	0
 468 0158 09       		.uleb128 0x9
 469 0159 04       		.byte	0x4
 470 015a 90000000 		.4byte	0x90
 471 015e 09       		.uleb128 0x9
 472 015f 04       		.byte	0x4
 473 0160 20010000 		.4byte	0x120
 474 0164 08       		.uleb128 0x8
 475 0165 3B040000 		.4byte	.LASF29
 476 0169 02       		.byte	0x2
 477 016a B2       		.byte	0xb2
 478 016b 2B010000 		.4byte	0x12b
 479 016f 06       		.uleb128 0x6
 480 0170 08       		.byte	0x8
 481 0171 02       		.byte	0x2
 482 0172 B4       		.byte	0xb4
 483 0173 8E010000 		.4byte	0x18e
 484 0177 0A       		.uleb128 0xa
 485 0178 6300     		.ascii	"c\000"
 486 017a 02       		.byte	0x2
 487 017b B6       		.byte	0xb6
 488 017c 63000000 		.4byte	0x63
 489 0180 00       		.byte	0
 490 0181 07       		.uleb128 0x7
 491 0182 28030000 		.4byte	.LASF30
 492 0186 02       		.byte	0x2
 493 0187 B7       		.byte	0xb7
 494 0188 8E010000 		.4byte	0x18e
 495 018c 04       		.byte	0x4
 496 018d 00       		.byte	0
 497 018e 09       		.uleb128 0x9
 498 018f 04       		.byte	0x4
 499 0190 94010000 		.4byte	0x194
 500 0194 0B       		.uleb128 0xb
 501 0195 08       		.uleb128 0x8
 502 0196 ED020000 		.4byte	.LASF31
 503 019a 02       		.byte	0x2
 504 019b B8       		.byte	0xb8
 505 019c 6F010000 		.4byte	0x16f
 506 01a0 0C       		.uleb128 0xc
 507 01a1 B0010000 		.4byte	0x1b0
 508 01a5 B0010000 		.4byte	0x1b0
 509 01a9 0D       		.uleb128 0xd
 510 01aa 9C000000 		.4byte	0x9c
 511 01ae 11       		.byte	0x11
 512 01af 00       		.byte	0
 513 01b0 0E       		.uleb128 0xe
ARM GAS  C:\Users\funti\AppData\Local\Temp\ccqoi5xp.s 			page 10


 514 01b1 63000000 		.4byte	0x63
 515 01b5 0F       		.uleb128 0xf
 516 01b6 FB020000 		.4byte	.LASF32
 517 01ba 03       		.byte	0x3
 518 01bb 24       		.byte	0x24
 519 01bc C6010000 		.4byte	0x1c6
 520 01c0 05       		.uleb128 0x5
 521 01c1 03       		.byte	0x3
 522 01c2 00000000 		.4byte	USBFS_1_DEVICE0_DESCR
 523 01c6 0E       		.uleb128 0xe
 524 01c7 A0010000 		.4byte	0x1a0
 525 01cb 0C       		.uleb128 0xc
 526 01cc B0010000 		.4byte	0x1b0
 527 01d0 DB010000 		.4byte	0x1db
 528 01d4 0D       		.uleb128 0xd
 529 01d5 9C000000 		.4byte	0x9c
 530 01d9 21       		.byte	0x21
 531 01da 00       		.byte	0
 532 01db 0F       		.uleb128 0xf
 533 01dc 75000000 		.4byte	.LASF33
 534 01e0 03       		.byte	0x3
 535 01e1 37       		.byte	0x37
 536 01e2 EC010000 		.4byte	0x1ec
 537 01e6 05       		.uleb128 0x5
 538 01e7 03       		.byte	0x3
 539 01e8 00000000 		.4byte	USBFS_1_DEVICE0_CONFIGURATION0_DESCR
 540 01ec 0E       		.uleb128 0xe
 541 01ed CB010000 		.4byte	0x1cb
 542 01f1 0C       		.uleb128 0xc
 543 01f2 01020000 		.4byte	0x201
 544 01f6 01020000 		.4byte	0x201
 545 01fa 0D       		.uleb128 0xd
 546 01fb 9C000000 		.4byte	0x9c
 547 01ff 00       		.byte	0
 548 0200 00       		.byte	0
 549 0201 0E       		.uleb128 0xe
 550 0202 95010000 		.4byte	0x195
 551 0206 0F       		.uleb128 0xf
 552 0207 8B030000 		.4byte	.LASF34
 553 020b 03       		.byte	0x3
 554 020c BF       		.byte	0xbf
 555 020d 17020000 		.4byte	0x217
 556 0211 05       		.uleb128 0x5
 557 0212 03       		.byte	0x3
 558 0213 00000000 		.4byte	USBFS_1_DEVICE0_CONFIGURATION0_INTERFACE0_TABLE
 559 0217 0E       		.uleb128 0xe
 560 0218 F1010000 		.4byte	0x1f1
 561 021c 0C       		.uleb128 0xc
 562 021d 2C020000 		.4byte	0x22c
 563 0221 2C020000 		.4byte	0x22c
 564 0225 0D       		.uleb128 0xd
 565 0226 9C000000 		.4byte	0x9c
 566 022a 00       		.byte	0
 567 022b 00       		.byte	0
 568 022c 0E       		.uleb128 0xe
 569 022d F4000000 		.4byte	0xf4
 570 0231 0F       		.uleb128 0xf
ARM GAS  C:\Users\funti\AppData\Local\Temp\ccqoi5xp.s 			page 11


 571 0232 AF020000 		.4byte	.LASF35
 572 0236 03       		.byte	0x3
 573 0237 CA       		.byte	0xca
 574 0238 42020000 		.4byte	0x242
 575 023c 05       		.uleb128 0x5
 576 023d 03       		.byte	0x3
 577 023e 00000000 		.4byte	USBFS_1_DEVICE0_CONFIGURATION0_EP_SETTINGS_TABLE
 578 0242 0E       		.uleb128 0xe
 579 0243 1C020000 		.4byte	0x21c
 580 0247 0C       		.uleb128 0xc
 581 0248 B0010000 		.4byte	0x1b0
 582 024c 57020000 		.4byte	0x257
 583 0250 0D       		.uleb128 0xd
 584 0251 9C000000 		.4byte	0x9c
 585 0255 00       		.byte	0
 586 0256 00       		.byte	0
 587 0257 0F       		.uleb128 0xf
 588 0258 FB030000 		.4byte	.LASF36
 589 025c 03       		.byte	0x3
 590 025d CE       		.byte	0xce
 591 025e 68020000 		.4byte	0x268
 592 0262 05       		.uleb128 0x5
 593 0263 03       		.byte	0x3
 594 0264 00000000 		.4byte	USBFS_1_DEVICE0_CONFIGURATION0_INTERFACE_CLASS
 595 0268 0E       		.uleb128 0xe
 596 0269 47020000 		.4byte	0x247
 597 026d 0C       		.uleb128 0xc
 598 026e 01020000 		.4byte	0x201
 599 0272 7D020000 		.4byte	0x27d
 600 0276 0D       		.uleb128 0xd
 601 0277 9C000000 		.4byte	0x9c
 602 027b 03       		.byte	0x3
 603 027c 00       		.byte	0
 604 027d 0F       		.uleb128 0xf
 605 027e 9B040000 		.4byte	.LASF37
 606 0282 03       		.byte	0x3
 607 0283 D6       		.byte	0xd6
 608 0284 8E020000 		.4byte	0x28e
 609 0288 05       		.uleb128 0x5
 610 0289 03       		.byte	0x3
 611 028a 00000000 		.4byte	USBFS_1_DEVICE0_CONFIGURATION0_TABLE
 612 028e 0E       		.uleb128 0xe
 613 028f 6D020000 		.4byte	0x26d
 614 0293 0C       		.uleb128 0xc
 615 0294 01020000 		.4byte	0x201
 616 0298 A3020000 		.4byte	0x2a3
 617 029c 0D       		.uleb128 0xd
 618 029d 9C000000 		.4byte	0x9c
 619 02a1 02       		.byte	0x2
 620 02a2 00       		.byte	0
 621 02a3 0F       		.uleb128 0xf
 622 02a4 6F020000 		.4byte	.LASF38
 623 02a8 03       		.byte	0x3
 624 02a9 E0       		.byte	0xe0
 625 02aa B4020000 		.4byte	0x2b4
 626 02ae 05       		.uleb128 0x5
 627 02af 03       		.byte	0x3
ARM GAS  C:\Users\funti\AppData\Local\Temp\ccqoi5xp.s 			page 12


 628 02b0 00000000 		.4byte	USBFS_1_DEVICE0_TABLE
 629 02b4 0E       		.uleb128 0xe
 630 02b5 93020000 		.4byte	0x293
 631 02b9 0F       		.uleb128 0xf
 632 02ba 87010000 		.4byte	.LASF39
 633 02be 03       		.byte	0x3
 634 02bf E8       		.byte	0xe8
 635 02c0 CA020000 		.4byte	0x2ca
 636 02c4 05       		.uleb128 0x5
 637 02c5 03       		.byte	0x3
 638 02c6 00000000 		.4byte	USBFS_1_TABLE
 639 02ca 0E       		.uleb128 0xe
 640 02cb F1010000 		.4byte	0x1f1
 641 02cf 0C       		.uleb128 0xc
 642 02d0 B0010000 		.4byte	0x1b0
 643 02d4 DF020000 		.4byte	0x2df
 644 02d8 0D       		.uleb128 0xd
 645 02d9 9C000000 		.4byte	0x9c
 646 02dd 46       		.byte	0x46
 647 02de 00       		.byte	0
 648 02df 0F       		.uleb128 0xf
 649 02e0 E0030000 		.4byte	.LASF40
 650 02e4 03       		.byte	0x3
 651 02e5 65       		.byte	0x65
 652 02e6 F0020000 		.4byte	0x2f0
 653 02ea 05       		.uleb128 0x5
 654 02eb 03       		.byte	0x3
 655 02ec 00000000 		.4byte	USBFS_1_STRING_DESCRIPTORS
 656 02f0 0E       		.uleb128 0xe
 657 02f1 CF020000 		.4byte	0x2cf
 658 02f5 0F       		.uleb128 0xf
 659 02f6 ED000000 		.4byte	.LASF41
 660 02fa 03       		.byte	0x3
 661 02fb 9F       		.byte	0x9f
 662 02fc 20010000 		.4byte	0x120
 663 0300 05       		.uleb128 0x5
 664 0301 03       		.byte	0x3
 665 0302 00000000 		.4byte	USBFS_1_DEVICE0_CONFIGURATION0_INTERFACE0_ALTERNATE0_HID_IN_RPT_SCB
 666 0306 0C       		.uleb128 0xc
 667 0307 63000000 		.4byte	0x63
 668 030b 16030000 		.4byte	0x316
 669 030f 0D       		.uleb128 0xd
 670 0310 9C000000 		.4byte	0x9c
 671 0314 03       		.byte	0x3
 672 0315 00       		.byte	0
 673 0316 0F       		.uleb128 0xf
 674 0317 54040000 		.4byte	.LASF42
 675 031b 03       		.byte	0x3
 676 031c A0       		.byte	0xa0
 677 031d 06030000 		.4byte	0x306
 678 0321 05       		.uleb128 0x5
 679 0322 03       		.byte	0x3
 680 0323 00000000 		.4byte	USBFS_1_DEVICE0_CONFIGURATION0_INTERFACE0_ALTERNATE0_HID_IN_BUF
 681 0327 0C       		.uleb128 0xc
 682 0328 B0010000 		.4byte	0x1b0
 683 032c 37030000 		.4byte	0x337
 684 0330 0D       		.uleb128 0xd
ARM GAS  C:\Users\funti\AppData\Local\Temp\ccqoi5xp.s 			page 13


 685 0331 9C000000 		.4byte	0x9c
 686 0335 20       		.byte	0x20
 687 0336 00       		.byte	0
 688 0337 0F       		.uleb128 0xf
 689 0338 38030000 		.4byte	.LASF43
 690 033c 03       		.byte	0x3
 691 033d 85       		.byte	0x85
 692 033e 48030000 		.4byte	0x348
 693 0342 05       		.uleb128 0x5
 694 0343 03       		.byte	0x3
 695 0344 00000000 		.4byte	USBFS_1_HIDREPORT_DESCRIPTOR1
 696 0348 0E       		.uleb128 0xe
 697 0349 27030000 		.4byte	0x327
 698 034d 0C       		.uleb128 0xc
 699 034e 5D030000 		.4byte	0x35d
 700 0352 5D030000 		.4byte	0x35d
 701 0356 0D       		.uleb128 0xd
 702 0357 9C000000 		.4byte	0x9c
 703 035b 00       		.byte	0
 704 035c 00       		.byte	0
 705 035d 0E       		.uleb128 0xe
 706 035e 64010000 		.4byte	0x164
 707 0362 0F       		.uleb128 0xf
 708 0363 0D000000 		.4byte	.LASF44
 709 0367 03       		.byte	0x3
 710 0368 A6       		.byte	0xa6
 711 0369 73030000 		.4byte	0x373
 712 036d 05       		.uleb128 0x5
 713 036e 03       		.byte	0x3
 714 036f 00000000 		.4byte	USBFS_1_DEVICE0_CONFIGURATION0_INTERFACE0_ALTERNATE0_HID_IN_RPT_TABLE
 715 0373 0E       		.uleb128 0xe
 716 0374 4D030000 		.4byte	0x34d
 717 0378 0C       		.uleb128 0xc
 718 0379 01020000 		.4byte	0x201
 719 037d 88030000 		.4byte	0x388
 720 0381 0D       		.uleb128 0xd
 721 0382 9C000000 		.4byte	0x9c
 722 0386 04       		.byte	0x4
 723 0387 00       		.byte	0
 724 0388 0F       		.uleb128 0xf
 725 0389 48010000 		.4byte	.LASF45
 726 038d 03       		.byte	0x3
 727 038e B3       		.byte	0xb3
 728 038f 99030000 		.4byte	0x399
 729 0393 05       		.uleb128 0x5
 730 0394 03       		.byte	0x3
 731 0395 00000000 		.4byte	USBFS_1_DEVICE0_CONFIGURATION0_INTERFACE0_ALTERNATE0_HID_TABLE
 732 0399 0E       		.uleb128 0xe
 733 039a 78030000 		.4byte	0x378
 734 039e 00       		.byte	0
 735              		.section	.debug_abbrev,"",%progbits
 736              	.Ldebug_abbrev0:
 737 0000 01       		.uleb128 0x1
 738 0001 11       		.uleb128 0x11
 739 0002 01       		.byte	0x1
 740 0003 25       		.uleb128 0x25
 741 0004 0E       		.uleb128 0xe
ARM GAS  C:\Users\funti\AppData\Local\Temp\ccqoi5xp.s 			page 14


 742 0005 13       		.uleb128 0x13
 743 0006 0B       		.uleb128 0xb
 744 0007 03       		.uleb128 0x3
 745 0008 0E       		.uleb128 0xe
 746 0009 1B       		.uleb128 0x1b
 747 000a 0E       		.uleb128 0xe
 748 000b 10       		.uleb128 0x10
 749 000c 17       		.uleb128 0x17
 750 000d 00       		.byte	0
 751 000e 00       		.byte	0
 752 000f 02       		.uleb128 0x2
 753 0010 24       		.uleb128 0x24
 754 0011 00       		.byte	0
 755 0012 0B       		.uleb128 0xb
 756 0013 0B       		.uleb128 0xb
 757 0014 3E       		.uleb128 0x3e
 758 0015 0B       		.uleb128 0xb
 759 0016 03       		.uleb128 0x3
 760 0017 0E       		.uleb128 0xe
 761 0018 00       		.byte	0
 762 0019 00       		.byte	0
 763 001a 03       		.uleb128 0x3
 764 001b 24       		.uleb128 0x24
 765 001c 00       		.byte	0
 766 001d 0B       		.uleb128 0xb
 767 001e 0B       		.uleb128 0xb
 768 001f 3E       		.uleb128 0x3e
 769 0020 0B       		.uleb128 0xb
 770 0021 03       		.uleb128 0x3
 771 0022 08       		.uleb128 0x8
 772 0023 00       		.byte	0
 773 0024 00       		.byte	0
 774 0025 04       		.uleb128 0x4
 775 0026 16       		.uleb128 0x16
 776 0027 00       		.byte	0
 777 0028 03       		.uleb128 0x3
 778 0029 0E       		.uleb128 0xe
 779 002a 3A       		.uleb128 0x3a
 780 002b 0B       		.uleb128 0xb
 781 002c 3B       		.uleb128 0x3b
 782 002d 05       		.uleb128 0x5
 783 002e 49       		.uleb128 0x49
 784 002f 13       		.uleb128 0x13
 785 0030 00       		.byte	0
 786 0031 00       		.byte	0
 787 0032 05       		.uleb128 0x5
 788 0033 35       		.uleb128 0x35
 789 0034 00       		.byte	0
 790 0035 49       		.uleb128 0x49
 791 0036 13       		.uleb128 0x13
 792 0037 00       		.byte	0
 793 0038 00       		.byte	0
 794 0039 06       		.uleb128 0x6
 795 003a 13       		.uleb128 0x13
 796 003b 01       		.byte	0x1
 797 003c 0B       		.uleb128 0xb
 798 003d 0B       		.uleb128 0xb
ARM GAS  C:\Users\funti\AppData\Local\Temp\ccqoi5xp.s 			page 15


 799 003e 3A       		.uleb128 0x3a
 800 003f 0B       		.uleb128 0xb
 801 0040 3B       		.uleb128 0x3b
 802 0041 0B       		.uleb128 0xb
 803 0042 01       		.uleb128 0x1
 804 0043 13       		.uleb128 0x13
 805 0044 00       		.byte	0
 806 0045 00       		.byte	0
 807 0046 07       		.uleb128 0x7
 808 0047 0D       		.uleb128 0xd
 809 0048 00       		.byte	0
 810 0049 03       		.uleb128 0x3
 811 004a 0E       		.uleb128 0xe
 812 004b 3A       		.uleb128 0x3a
 813 004c 0B       		.uleb128 0xb
 814 004d 3B       		.uleb128 0x3b
 815 004e 0B       		.uleb128 0xb
 816 004f 49       		.uleb128 0x49
 817 0050 13       		.uleb128 0x13
 818 0051 38       		.uleb128 0x38
 819 0052 0B       		.uleb128 0xb
 820 0053 00       		.byte	0
 821 0054 00       		.byte	0
 822 0055 08       		.uleb128 0x8
 823 0056 16       		.uleb128 0x16
 824 0057 00       		.byte	0
 825 0058 03       		.uleb128 0x3
 826 0059 0E       		.uleb128 0xe
 827 005a 3A       		.uleb128 0x3a
 828 005b 0B       		.uleb128 0xb
 829 005c 3B       		.uleb128 0x3b
 830 005d 0B       		.uleb128 0xb
 831 005e 49       		.uleb128 0x49
 832 005f 13       		.uleb128 0x13
 833 0060 00       		.byte	0
 834 0061 00       		.byte	0
 835 0062 09       		.uleb128 0x9
 836 0063 0F       		.uleb128 0xf
 837 0064 00       		.byte	0
 838 0065 0B       		.uleb128 0xb
 839 0066 0B       		.uleb128 0xb
 840 0067 49       		.uleb128 0x49
 841 0068 13       		.uleb128 0x13
 842 0069 00       		.byte	0
 843 006a 00       		.byte	0
 844 006b 0A       		.uleb128 0xa
 845 006c 0D       		.uleb128 0xd
 846 006d 00       		.byte	0
 847 006e 03       		.uleb128 0x3
 848 006f 08       		.uleb128 0x8
 849 0070 3A       		.uleb128 0x3a
 850 0071 0B       		.uleb128 0xb
 851 0072 3B       		.uleb128 0x3b
 852 0073 0B       		.uleb128 0xb
 853 0074 49       		.uleb128 0x49
 854 0075 13       		.uleb128 0x13
 855 0076 38       		.uleb128 0x38
ARM GAS  C:\Users\funti\AppData\Local\Temp\ccqoi5xp.s 			page 16


 856 0077 0B       		.uleb128 0xb
 857 0078 00       		.byte	0
 858 0079 00       		.byte	0
 859 007a 0B       		.uleb128 0xb
 860 007b 26       		.uleb128 0x26
 861 007c 00       		.byte	0
 862 007d 00       		.byte	0
 863 007e 00       		.byte	0
 864 007f 0C       		.uleb128 0xc
 865 0080 01       		.uleb128 0x1
 866 0081 01       		.byte	0x1
 867 0082 49       		.uleb128 0x49
 868 0083 13       		.uleb128 0x13
 869 0084 01       		.uleb128 0x1
 870 0085 13       		.uleb128 0x13
 871 0086 00       		.byte	0
 872 0087 00       		.byte	0
 873 0088 0D       		.uleb128 0xd
 874 0089 21       		.uleb128 0x21
 875 008a 00       		.byte	0
 876 008b 49       		.uleb128 0x49
 877 008c 13       		.uleb128 0x13
 878 008d 2F       		.uleb128 0x2f
 879 008e 0B       		.uleb128 0xb
 880 008f 00       		.byte	0
 881 0090 00       		.byte	0
 882 0091 0E       		.uleb128 0xe
 883 0092 26       		.uleb128 0x26
 884 0093 00       		.byte	0
 885 0094 49       		.uleb128 0x49
 886 0095 13       		.uleb128 0x13
 887 0096 00       		.byte	0
 888 0097 00       		.byte	0
 889 0098 0F       		.uleb128 0xf
 890 0099 34       		.uleb128 0x34
 891 009a 00       		.byte	0
 892 009b 03       		.uleb128 0x3
 893 009c 0E       		.uleb128 0xe
 894 009d 3A       		.uleb128 0x3a
 895 009e 0B       		.uleb128 0xb
 896 009f 3B       		.uleb128 0x3b
 897 00a0 0B       		.uleb128 0xb
 898 00a1 49       		.uleb128 0x49
 899 00a2 13       		.uleb128 0x13
 900 00a3 3F       		.uleb128 0x3f
 901 00a4 19       		.uleb128 0x19
 902 00a5 02       		.uleb128 0x2
 903 00a6 18       		.uleb128 0x18
 904 00a7 00       		.byte	0
 905 00a8 00       		.byte	0
 906 00a9 00       		.byte	0
 907              		.section	.debug_aranges,"",%progbits
 908 0000 14000000 		.4byte	0x14
 909 0004 0200     		.2byte	0x2
 910 0006 00000000 		.4byte	.Ldebug_info0
 911 000a 04       		.byte	0x4
 912 000b 00       		.byte	0
ARM GAS  C:\Users\funti\AppData\Local\Temp\ccqoi5xp.s 			page 17


 913 000c 0000     		.2byte	0
 914 000e 0000     		.2byte	0
 915 0010 00000000 		.4byte	0
 916 0014 00000000 		.4byte	0
 917              		.section	.debug_line,"",%progbits
 918              	.Ldebug_line0:
 919 0000 5D000000 		.section	.debug_str,"MS",%progbits,1
 919      02005700 
 919      00000201 
 919      FB0E0D00 
 919      01010101 
 920              	.LASF28:
 921 0000 70537461 		.ascii	"pStatusBlock\000"
 921      74757342 
 921      6C6F636B 
 921      00
 922              	.LASF44:
 923 000d 55534246 		.ascii	"USBFS_1_DEVICE0_CONFIGURATION0_INTERFACE0_ALTERNATE"
 923      535F315F 
 923      44455649 
 923      4345305F 
 923      434F4E46 
 924 0040 305F4849 		.ascii	"0_HID_IN_RPT_TABLE\000"
 924      445F494E 
 924      5F525054 
 924      5F544142 
 924      4C4500
 925              	.LASF26:
 926 0053 636F756E 		.ascii	"count\000"
 926      7400
 927              	.LASF4:
 928 0059 6C6F6E67 		.ascii	"long int\000"
 928      20696E74 
 928      00
 929              	.LASF3:
 930 0062 73686F72 		.ascii	"short unsigned int\000"
 930      7420756E 
 930      7369676E 
 930      65642069 
 930      6E7400
 931              	.LASF33:
 932 0075 55534246 		.ascii	"USBFS_1_DEVICE0_CONFIGURATION0_DESCR\000"
 932      535F315F 
 932      44455649 
 932      4345305F 
 932      434F4E46 
 933              	.LASF48:
 934 009a 433A5C55 		.ascii	"C:\\Users\\funti\\Robotics Projects\\CypressPSoCBut"
 934      73657273 
 934      5C66756E 
 934      74695C52 
 934      6F626F74 
 935 00c9 746F6E42 		.ascii	"tonBox2026\\HIDJoystick.cydsn\000"
 935      6F783230 
 935      32365C48 
 935      49444A6F 
 935      79737469 
ARM GAS  C:\Users\funti\AppData\Local\Temp\ccqoi5xp.s 			page 18


 936              	.LASF23:
 937 00e6 73746174 		.ascii	"status\000"
 937      757300
 938              	.LASF41:
 939 00ed 55534246 		.ascii	"USBFS_1_DEVICE0_CONFIGURATION0_INTERFACE0_ALTERNATE"
 939      535F315F 
 939      44455649 
 939      4345305F 
 939      434F4E46 
 940 0120 305F4849 		.ascii	"0_HID_IN_RPT_SCB\000"
 940      445F494E 
 940      5F525054 
 940      5F534342 
 940      00
 941              	.LASF27:
 942 0131 70446174 		.ascii	"pData\000"
 942      6100
 943              	.LASF17:
 944 0137 616C7453 		.ascii	"altSetting\000"
 944      65747469 
 944      6E6700
 945              	.LASF11:
 946 0142 666C6F61 		.ascii	"float\000"
 946      7400
 947              	.LASF45:
 948 0148 55534246 		.ascii	"USBFS_1_DEVICE0_CONFIGURATION0_INTERFACE0_ALTERNATE"
 948      535F315F 
 948      44455649 
 948      4345305F 
 948      434F4E46 
 949 017b 305F4849 		.ascii	"0_HID_TABLE\000"
 949      445F5441 
 949      424C4500 
 950              	.LASF39:
 951 0187 55534246 		.ascii	"USBFS_1_TABLE\000"
 951      535F315F 
 951      5441424C 
 951      4500
 952              	.LASF1:
 953 0195 756E7369 		.ascii	"unsigned char\000"
 953      676E6564 
 953      20636861 
 953      7200
 954              	.LASF46:
 955 01a3 474E5520 		.ascii	"GNU C11 5.4.1 20160609 (release) [ARM/embedded-5-br"
 955      43313120 
 955      352E342E 
 955      31203230 
 955      31363036 
 956 01d6 616E6368 		.ascii	"anch revision 237715] -mcpu=cortex-m3 -mthumb -g -O"
 956      20726576 
 956      6973696F 
 956      6E203233 
 956      37373135 
 957 0209 67202D66 		.ascii	"g -ffunction-sections -ffat-lto-objects\000"
 957      66756E63 
 957      74696F6E 
ARM GAS  C:\Users\funti\AppData\Local\Temp\ccqoi5xp.s 			page 19


 957      2D736563 
 957      74696F6E 
 958              	.LASF19:
 959 0231 61747472 		.ascii	"attributes\000"
 959      69627574 
 959      657300
 960              	.LASF5:
 961 023c 6C6F6E67 		.ascii	"long unsigned int\000"
 961      20756E73 
 961      69676E65 
 961      6420696E 
 961      7400
 962              	.LASF18:
 963 024e 61646472 		.ascii	"addr\000"
 963      00
 964              	.LASF25:
 965 0253 545F5553 		.ascii	"T_USBFS_1_XFER_STATUS_BLOCK\000"
 965      4246535F 
 965      315F5846 
 965      45525F53 
 965      54415455 
 966              	.LASF38:
 967 026f 55534246 		.ascii	"USBFS_1_DEVICE0_TABLE\000"
 967      535F315F 
 967      44455649 
 967      4345305F 
 967      5441424C 
 968              	.LASF22:
 969 0285 545F5553 		.ascii	"T_USBFS_1_EP_SETTINGS_BLOCK\000"
 969      4246535F 
 969      315F4550 
 969      5F534554 
 969      54494E47 
 970              	.LASF12:
 971 02a1 646F7562 		.ascii	"double\000"
 971      6C6500
 972              	.LASF10:
 973 02a8 75696E74 		.ascii	"uint16\000"
 973      313600
 974              	.LASF35:
 975 02af 55534246 		.ascii	"USBFS_1_DEVICE0_CONFIGURATION0_EP_SETTINGS_TABLE\000"
 975      535F315F 
 975      44455649 
 975      4345305F 
 975      434F4E46 
 976              	.LASF8:
 977 02e0 756E7369 		.ascii	"unsigned int\000"
 977      676E6564 
 977      20696E74 
 977      00
 978              	.LASF31:
 979 02ed 545F5553 		.ascii	"T_USBFS_1_LUT\000"
 979      4246535F 
 979      315F4C55 
 979      5400
 980              	.LASF32:
 981 02fb 55534246 		.ascii	"USBFS_1_DEVICE0_DESCR\000"
ARM GAS  C:\Users\funti\AppData\Local\Temp\ccqoi5xp.s 			page 20


 981      535F315F 
 981      44455649 
 981      4345305F 
 981      44455343 
 982              	.LASF7:
 983 0311 6C6F6E67 		.ascii	"long long unsigned int\000"
 983      206C6F6E 
 983      6720756E 
 983      7369676E 
 983      65642069 
 984              	.LASF30:
 985 0328 705F6C69 		.ascii	"p_list\000"
 985      737400
 986              	.LASF15:
 987 032f 73697A65 		.ascii	"sizetype\000"
 987      74797065 
 987      00
 988              	.LASF43:
 989 0338 55534246 		.ascii	"USBFS_1_HIDREPORT_DESCRIPTOR1\000"
 989      535F315F 
 989      48494452 
 989      45504F52 
 989      545F4445 
 990              	.LASF6:
 991 0356 6C6F6E67 		.ascii	"long long int\000"
 991      206C6F6E 
 991      6720696E 
 991      7400
 992              	.LASF47:
 993 0364 47656E65 		.ascii	"Generated_Source\\PSoC5\\USBFS_1_descr.c\000"
 993      72617465 
 993      645F536F 
 993      75726365 
 993      5C50536F 
 994              	.LASF34:
 995 038b 55534246 		.ascii	"USBFS_1_DEVICE0_CONFIGURATION0_INTERFACE0_TABLE\000"
 995      535F315F 
 995      44455649 
 995      4345305F 
 995      434F4E46 
 996              	.LASF20:
 997 03bb 62756666 		.ascii	"bufferSize\000"
 997      65725369 
 997      7A6500
 998              	.LASF2:
 999 03c6 73686F72 		.ascii	"short int\000"
 999      7420696E 
 999      7400
 1000              	.LASF9:
 1001 03d0 75696E74 		.ascii	"uint8\000"
 1001      3800
 1002              	.LASF16:
 1003 03d6 696E7465 		.ascii	"interface\000"
 1003      72666163 
 1003      6500
 1004              	.LASF40:
 1005 03e0 55534246 		.ascii	"USBFS_1_STRING_DESCRIPTORS\000"
ARM GAS  C:\Users\funti\AppData\Local\Temp\ccqoi5xp.s 			page 21


 1005      535F315F 
 1005      53545249 
 1005      4E475F44 
 1005      45534352 
 1006              	.LASF36:
 1007 03fb 55534246 		.ascii	"USBFS_1_DEVICE0_CONFIGURATION0_INTERFACE_CLASS\000"
 1007      535F315F 
 1007      44455649 
 1007      4345305F 
 1007      434F4E46 
 1008              	.LASF13:
 1009 042a 63686172 		.ascii	"char\000"
 1009      00
 1010              	.LASF14:
 1011 042f 6C6F6E67 		.ascii	"long double\000"
 1011      20646F75 
 1011      626C6500 
 1012              	.LASF29:
 1013 043b 545F5553 		.ascii	"T_USBFS_1_TD\000"
 1013      4246535F 
 1013      315F5444 
 1013      00
 1014              	.LASF0:
 1015 0448 7369676E 		.ascii	"signed char\000"
 1015      65642063 
 1015      68617200 
 1016              	.LASF42:
 1017 0454 55534246 		.ascii	"USBFS_1_DEVICE0_CONFIGURATION0_INTERFACE0_ALTERNATE"
 1017      535F315F 
 1017      44455649 
 1017      4345305F 
 1017      434F4E46 
 1018 0487 305F4849 		.ascii	"0_HID_IN_BUF\000"
 1018      445F494E 
 1018      5F425546 
 1018      00
 1019              	.LASF24:
 1020 0494 6C656E67 		.ascii	"length\000"
 1020      746800
 1021              	.LASF37:
 1022 049b 55534246 		.ascii	"USBFS_1_DEVICE0_CONFIGURATION0_TABLE\000"
 1022      535F315F 
 1022      44455649 
 1022      4345305F 
 1022      434F4E46 
 1023              	.LASF21:
 1024 04c0 624D6973 		.ascii	"bMisc\000"
 1024      6300
 1025              		.ident	"GCC: (GNU Tools for ARM Embedded Processors) 5.4.1 20160609 (release) [ARM/embedded-5-bran
